SF:/Volumes/extension/code/finger/rust/kernel-config/src/lib.rs
FN:170,_RNCNvCs2ecO6kkZigH_20finger_kernel_config19resolve_provider_id0B3_
FN:184,_RNCNvCs2ecO6kkZigH_20finger_kernel_config19resolve_provider_ids0_0B3_
FN:185,_RNCNvCs2ecO6kkZigH_20finger_kernel_config19resolve_provider_ids1_0B3_
FN:186,_RNCNvCs2ecO6kkZigH_20finger_kernel_config19resolve_provider_ids2_0B3_
FN:171,_RNCNvCs2ecO6kkZigH_20finger_kernel_config19resolve_provider_ids_0B3_
FN:222,_RNCNvCs2ecO6kkZigH_20finger_kernel_config21resolve_tool_agent_id0B3_
FN:224,_RNCNvCs2ecO6kkZigH_20finger_kernel_config21resolve_tool_agent_ids0_0B3_
FN:223,_RNCNvCs2ecO6kkZigH_20finger_kernel_config21resolve_tool_agent_ids_0B3_
FN:307,_RNCNvCs2ecO6kkZigH_20finger_kernel_config23load_finger_user_config0B3_
FN:203,_RNCNvCs2ecO6kkZigH_20finger_kernel_config23resolve_tool_daemon_url0B3_
FN:205,_RNCNvCs2ecO6kkZigH_20finger_kernel_config23resolve_tool_daemon_urls0_0B3_
FN:204,_RNCNvCs2ecO6kkZigH_20finger_kernel_config23resolve_tool_daemon_urls_0B3_
FN:320,_RNCNvCs2ecO6kkZigH_20finger_kernel_config26resolve_finger_config_path0B3_
FN:116,_RNCNvCs2ecO6kkZigH_20finger_kernel_config28load_local_model_config_with0B3_
FN:237,_RNCNvCs2ecO6kkZigH_20finger_kernel_config29apply_file_provider_overrides0B3_
FN:246,_RNCNvCs2ecO6kkZigH_20finger_kernel_config29apply_file_provider_overridess0_0B3_
FN:253,_RNCNvCs2ecO6kkZigH_20finger_kernel_config29apply_file_provider_overridess1_0B3_
FN:254,_RNCNvCs2ecO6kkZigH_20finger_kernel_config29apply_file_provider_overridess2_0B3_
FN:261,_RNCNvCs2ecO6kkZigH_20finger_kernel_config29apply_file_provider_overridess3_0B3_
FN:262,_RNCNvCs2ecO6kkZigH_20finger_kernel_config29apply_file_provider_overridess4_0B3_
FN:269,_RNCNvCs2ecO6kkZigH_20finger_kernel_config29apply_file_provider_overridess5_0B3_
FN:270,_RNCNvCs2ecO6kkZigH_20finger_kernel_config29apply_file_provider_overridess6_0B3_
FN:277,_RNCNvCs2ecO6kkZigH_20finger_kernel_config29apply_file_provider_overridess7_0B3_
FN:278,_RNCNvCs2ecO6kkZigH_20finger_kernel_config29apply_file_provider_overridess8_0B3_
FN:245,_RNCNvCs2ecO6kkZigH_20finger_kernel_config29apply_file_provider_overridess_0B3_
FN:284,_RNvCs2ecO6kkZigH_20finger_kernel_config17is_local_base_url
FN:142,_RNvCs2ecO6kkZigH_20finger_kernel_config17provider_defaults
FN:163,_RNvCs2ecO6kkZigH_20finger_kernel_config19resolve_provider_id
FN:213,_RNvCs2ecO6kkZigH_20finger_kernel_config21resolve_tool_agent_id
FN:290,_RNvCs2ecO6kkZigH_20finger_kernel_config23load_finger_user_config
FN:194,_RNvCs2ecO6kkZigH_20finger_kernel_config23resolve_tool_daemon_url
FN:312,_RNvCs2ecO6kkZigH_20finger_kernel_config26resolve_finger_config_path
FN:105,_RNvCs2ecO6kkZigH_20finger_kernel_config28load_local_model_config_with
FN:232,_RNvCs2ecO6kkZigH_20finger_kernel_config29apply_file_provider_overrides
FN:358,_RNvNtCs2ecO6kkZigH_20finger_kernel_config5testss_19loads_crsa_defaults
FN:329,_RNvNtCs2ecO6kkZigH_20finger_kernel_config5testss_25loads_crsb_with_overrides
FN:88,_RNvCs2ecO6kkZigH_20finger_kernel_config16load_crsb_config
FN:92,_RNvCs2ecO6kkZigH_20finger_kernel_config21load_crsb_config_with
FN:101,_RNvCs2ecO6kkZigH_20finger_kernel_config23load_local_model_config
FNDA:2,_RNCNvCs2ecO6kkZigH_20finger_kernel_config19resolve_provider_id0B3_
FNDA:0,_RNCNvCs2ecO6kkZigH_20finger_kernel_config19resolve_provider_ids0_0B3_
FNDA:0,_RNCNvCs2ecO6kkZigH_20finger_kernel_config19resolve_provider_ids1_0B3_
FNDA:0,_RNCNvCs2ecO6kkZigH_20finger_kernel_config19resolve_provider_ids2_0B3_
FNDA:2,_RNCNvCs2ecO6kkZigH_20finger_kernel_config19resolve_provider_ids_0B3_
FNDA:0,_RNCNvCs2ecO6kkZigH_20finger_kernel_config21resolve_tool_agent_id0B3_
FNDA:0,_RNCNvCs2ecO6kkZigH_20finger_kernel_config21resolve_tool_agent_ids0_0B3_
FNDA:0,_RNCNvCs2ecO6kkZigH_20finger_kernel_config21resolve_tool_agent_ids_0B3_
FNDA:0,_RNCNvCs2ecO6kkZigH_20finger_kernel_config23load_finger_user_config0B3_
FNDA:0,_RNCNvCs2ecO6kkZigH_20finger_kernel_config23resolve_tool_daemon_url0B3_
FNDA:0,_RNCNvCs2ecO6kkZigH_20finger_kernel_config23resolve_tool_daemon_urls0_0B3_
FNDA:0,_RNCNvCs2ecO6kkZigH_20finger_kernel_config23resolve_tool_daemon_urls_0B3_
FNDA:0,_RNCNvCs2ecO6kkZigH_20finger_kernel_config26resolve_finger_config_path0B3_
FNDA:1,_RNCNvCs2ecO6kkZigH_20finger_kernel_config28load_local_model_config_with0B3_
FNDA:0,_RNCNvCs2ecO6kkZigH_20finger_kernel_config29apply_file_provider_overrides0B3_
FNDA:0,_RNCNvCs2ecO6kkZigH_20finger_kernel_config29apply_file_provider_overridess0_0B3_
FNDA:0,_RNCNvCs2ecO6kkZigH_20finger_kernel_config29apply_file_provider_overridess1_0B3_
FNDA:0,_RNCNvCs2ecO6kkZigH_20finger_kernel_config29apply_file_provider_overridess2_0B3_
FNDA:0,_RNCNvCs2ecO6kkZigH_20finger_kernel_config29apply_file_provider_overridess3_0B3_
FNDA:0,_RNCNvCs2ecO6kkZigH_20finger_kernel_config29apply_file_provider_overridess4_0B3_
FNDA:0,_RNCNvCs2ecO6kkZigH_20finger_kernel_config29apply_file_provider_overridess5_0B3_
FNDA:0,_RNCNvCs2ecO6kkZigH_20finger_kernel_config29apply_file_provider_overridess6_0B3_
FNDA:0,_RNCNvCs2ecO6kkZigH_20finger_kernel_config29apply_file_provider_overridess7_0B3_
FNDA:0,_RNCNvCs2ecO6kkZigH_20finger_kernel_config29apply_file_provider_overridess8_0B3_
FNDA:0,_RNCNvCs2ecO6kkZigH_20finger_kernel_config29apply_file_provider_overridess_0B3_
FNDA:0,_RNvCs2ecO6kkZigH_20finger_kernel_config17is_local_base_url
FNDA:2,_RNvCs2ecO6kkZigH_20finger_kernel_config17provider_defaults
FNDA:2,_RNvCs2ecO6kkZigH_20finger_kernel_config19resolve_provider_id
FNDA:2,_RNvCs2ecO6kkZigH_20finger_kernel_config21resolve_tool_agent_id
FNDA:2,_RNvCs2ecO6kkZigH_20finger_kernel_config23load_finger_user_config
FNDA:2,_RNvCs2ecO6kkZigH_20finger_kernel_config23resolve_tool_daemon_url
FNDA:2,_RNvCs2ecO6kkZigH_20finger_kernel_config26resolve_finger_config_path
FNDA:2,_RNvCs2ecO6kkZigH_20finger_kernel_config28load_local_model_config_with
FNDA:2,_RNvCs2ecO6kkZigH_20finger_kernel_config29apply_file_provider_overrides
FNDA:1,_RNvNtCs2ecO6kkZigH_20finger_kernel_config5testss_19loads_crsa_defaults
FNDA:1,_RNvNtCs2ecO6kkZigH_20finger_kernel_config5testss_25loads_crsb_with_overrides
FNDA:0,_RNvCs2ecO6kkZigH_20finger_kernel_config16load_crsb_config
FNDA:0,_RNvCs2ecO6kkZigH_20finger_kernel_config21load_crsb_config_with
FNDA:0,_RNvCs2ecO6kkZigH_20finger_kernel_config23load_local_model_config
FNF:39
FNH:13
DA:88,0
DA:89,0
DA:90,0
DA:92,0
DA:93,0
DA:94,0
DA:95,0
DA:96,0
DA:97,0
DA:98,0
DA:99,0
DA:101,0
DA:102,0
DA:103,0
DA:105,2
DA:106,2
DA:107,2
DA:108,2
DA:109,2
DA:110,2
DA:111,2
DA:113,2
DA:114,2
DA:115,2
DA:116,2
DA:117,2
DA:118,2
DA:119,2
DA:121,0
DA:122,0
DA:124,0
DA:129,2
DA:130,2
DA:131,2
DA:132,2
DA:133,2
DA:134,2
DA:135,2
DA:136,2
DA:137,2
DA:138,2
DA:139,2
DA:140,2
DA:142,2
DA:143,2
DA:144,2
DA:145,1
DA:146,1
DA:147,1
DA:148,1
DA:149,1
DA:150,1
DA:151,1
DA:152,1
DA:153,1
DA:154,1
DA:155,1
DA:156,1
DA:157,1
DA:158,1
DA:159,1
DA:161,2
DA:163,2
DA:164,2
DA:165,2
DA:166,2
DA:167,2
DA:168,2
DA:169,2
DA:170,2
DA:171,2
DA:173,2
DA:174,0
DA:176,0
DA:177,0
DA:178,0
DA:179,0
DA:180,0
DA:181,0
DA:183,0
DA:184,0
DA:185,0
DA:186,0
DA:188,0
DA:189,0
DA:191,0
DA:192,2
DA:194,2
DA:195,2
DA:196,0
DA:197,0
DA:198,0
DA:199,0
DA:200,2
DA:202,2
DA:203,2
DA:204,2
DA:205,2
DA:207,0
DA:208,2
DA:210,2
DA:211,2
DA:213,2
DA:214,2
DA:215,0
DA:216,0
DA:217,0
DA:218,0
DA:219,2
DA:221,2
DA:222,2
DA:223,2
DA:224,2
DA:226,0
DA:227,2
DA:229,2
DA:230,2
DA:232,2
DA:233,2
DA:234,2
DA:235,2
DA:236,2
DA:237,2
DA:239,2
DA:242,0
DA:243,0
DA:244,0
DA:245,0
DA:246,0
DA:247,0
DA:248,0
DA:249,0
DA:250,0
DA:251,0
DA:252,0
DA:253,0
DA:254,0
DA:255,0
DA:256,0
DA:257,0
DA:258,0
DA:259,0
DA:260,0
DA:261,0
DA:262,0
DA:263,0
DA:264,0
DA:265,0
DA:266,0
DA:267,0
DA:268,0
DA:269,0
DA:270,0
DA:271,0
DA:272,0
DA:273,0
DA:274,0
DA:275,0
DA:276,0
DA:277,0
DA:278,0
DA:279,0
DA:280,0
DA:281,0
DA:282,2
DA:284,0
DA:285,0
DA:286,0
DA:287,0
DA:288,0
DA:290,2
DA:291,2
DA:292,2
DA:293,2
DA:294,0
DA:296,0
DA:297,0
DA:298,0
DA:300,0
DA:301,0
DA:302,0
DA:304,0
DA:305,0
DA:306,0
DA:307,0
DA:308,0
DA:309,0
DA:310,2
DA:312,2
DA:313,2
DA:314,0
DA:315,0
DA:316,0
DA:317,0
DA:318,2
DA:320,2
DA:321,2
DA:322,2
DA:329,1
DA:330,1
DA:332,1
DA:333,1
DA:334,1
DA:336,1
DA:337,1
DA:338,1
DA:339,1
DA:340,1
DA:341,1
DA:342,1
DA:344,1
DA:345,1
DA:346,1
DA:347,1
DA:348,1
DA:349,1
DA:352,1
DA:353,1
DA:354,1
DA:355,1
DA:358,1
DA:359,1
DA:361,1
DA:362,1
DA:363,1
DA:365,1
DA:366,1
DA:367,1
DA:368,1
DA:369,1
DA:370,1
DA:372,1
DA:373,1
DA:374,1
DA:375,1
DA:376,1
DA:377,1
DA:378,1
DA:381,1
DA:382,1
DA:383,1
DA:384,1
BRF:0
BRH:0
LF:266
LH:142
end_of_record
SF:/Volumes/extension/code/finger/rust/kernel-context-ledger/src/lib.rs
FN:666,_RNCNvCsdaa2qCuFKkI_28finger_kernel_context_ledger13now_timestamp0B3_
FN:522,_RNCNvCsdaa2qCuFKkI_28finger_kernel_context_ledger14filter_entries0B3_
FN:523,_RNCNvCsdaa2qCuFKkI_28finger_kernel_context_ledger14filter_entriess_0B3_
FN:605,_RNCNvCsdaa2qCuFKkI_28finger_kernel_context_ledger29sanitize_compact_summary_text0B3_
FN:173,_RNCNvMCsdaa2qCuFKkI_28finger_kernel_context_ledgerNtB4_13ContextLedger12append_event0B4_
FN:206,_RNCNvMCsdaa2qCuFKkI_28finger_kernel_context_ledgerNtB4_13ContextLedger21append_compact_memory0B4_
FN:453,_RNCNvMCsdaa2qCuFKkI_28finger_kernel_context_ledgerNtB4_13ContextLedger28rebuild_compact_memory_index0B4_
FN:293,_RNCNvMCsdaa2qCuFKkI_28finger_kernel_context_ledgerNtB4_13ContextLedger5query0B4_
FN:299,_RNCNvMCsdaa2qCuFKkI_28finger_kernel_context_ledgerNtB4_13ContextLedger5querys0_0B4_
FN:300,_RNCNvMCsdaa2qCuFKkI_28finger_kernel_context_ledgerNtB4_13ContextLedger5querys1_0B4_
FN:305,_RNCNvMCsdaa2qCuFKkI_28finger_kernel_context_ledgerNtB4_13ContextLedger5querys2_0B4_
FN:306,_RNCNvMCsdaa2qCuFKkI_28finger_kernel_context_ledgerNtB4_13ContextLedger5querys3_0B4_
FN:294,_RNCNvMCsdaa2qCuFKkI_28finger_kernel_context_ledgerNtB4_13ContextLedger5querys_0B4_
FN:655,_RNvCsdaa2qCuFKkI_28finger_kernel_context_ledger10now_millis
FN:623,_RNvCsdaa2qCuFKkI_28finger_kernel_context_ledger10to_bigrams
FN:610,_RNvCsdaa2qCuFKkI_28finger_kernel_context_ledger11fuzzy_score
FN:497,_RNvCsdaa2qCuFKkI_28finger_kernel_context_ledger12read_entries
FN:579,_RNvCsdaa2qCuFKkI_28finger_kernel_context_ledger13build_preview
FN:662,_RNvCsdaa2qCuFKkI_28finger_kernel_context_ledger13now_timestamp
FN:564,_RNvCsdaa2qCuFKkI_28finger_kernel_context_ledger14build_timeline
FN:516,_RNvCsdaa2qCuFKkI_28finger_kernel_context_ledger14filter_entries
FN:640,_RNvCsdaa2qCuFKkI_28finger_kernel_context_ledger15keep_tail_chars
FN:648,_RNvCsdaa2qCuFKkI_28finger_kernel_context_ledger18sanitize_component
FN:592,_RNvCsdaa2qCuFKkI_28finger_kernel_context_ledger26contains_prompt_like_block
FN:602,_RNvCsdaa2qCuFKkI_28finger_kernel_context_ledger29sanitize_compact_summary_text
FN:389,_RNvMCsdaa2qCuFKkI_28finger_kernel_context_ledgerNtB2_13ContextLedger10focus_path
FN:220,_RNvMCsdaa2qCuFKkI_28finger_kernel_context_ledgerNtB2_13ContextLedger10read_focus
FN:380,_RNvMCsdaa2qCuFKkI_28finger_kernel_context_ledgerNtB2_13ContextLedger11ledger_path
FN:146,_RNvMCsdaa2qCuFKkI_28finger_kernel_context_ledgerNtB2_13ContextLedger12append_event
FN:236,_RNvMCsdaa2qCuFKkI_28finger_kernel_context_ledgerNtB2_13ContextLedger12insert_focus
FN:490,_RNvMCsdaa2qCuFKkI_28finger_kernel_context_ledgerNtB2_13ContextLedger16resolve_base_dir
FN:399,_RNvMCsdaa2qCuFKkI_28finger_kernel_context_ledgerNtB2_13ContextLedger19compact_memory_path
FN:486,_RNvMCsdaa2qCuFKkI_28finger_kernel_context_ledgerNtB2_13ContextLedger19resolve_ledger_path
FN:186,_RNvMCsdaa2qCuFKkI_28finger_kernel_context_ledgerNtB2_13ContextLedger21append_compact_memory
FN:409,_RNvMCsdaa2qCuFKkI_28finger_kernel_context_ledgerNtB2_13ContextLedger25compact_memory_index_path
FN:419,_RNvMCsdaa2qCuFKkI_28finger_kernel_context_ledgerNtB2_13ContextLedger28rebuild_compact_memory_index
FN:104,_RNvMCsdaa2qCuFKkI_28finger_kernel_context_ledgerNtB2_13ContextLedger3new
FN:285,_RNvMCsdaa2qCuFKkI_28finger_kernel_context_ledgerNtB2_13ContextLedger5query
FN:674,_RNvNtCsdaa2qCuFKkI_28finger_kernel_context_ledger5tests9temp_root
FN:680,_RNvNtCsdaa2qCuFKkI_28finger_kernel_context_ledger5testss_26append_and_query_own_agent
FN:738,_RNvNtCsdaa2qCuFKkI_28finger_kernel_context_ledger5testss_26query_respects_permissions
FN:713,_RNvNtCsdaa2qCuFKkI_28finger_kernel_context_ledger5testss_27focus_insert_enforces_limit
FN:779,_RNvNtCsdaa2qCuFKkI_28finger_kernel_context_ledger5testss_34append_compact_memory_writes_jsonl
FN:469,_RNCNvMCsdaa2qCuFKkI_28finger_kernel_context_ledgerNtB4_13ContextLedger28rebuild_compact_memory_indexs_0B4_
FN:618,_RNCNvCsdaa2qCuFKkI_28finger_kernel_context_ledger11fuzzy_score0B3_
FN:535,_RNCNCNvCsdaa2qCuFKkI_28finger_kernel_context_ledger14filter_entriess2_00B5_
FN:545,_RNCNCNvCsdaa2qCuFKkI_28finger_kernel_context_ledger14filter_entriess2_0s0_0B5_
FN:538,_RNCNCNvCsdaa2qCuFKkI_28finger_kernel_context_ledger14filter_entriess2_0s_0B5_
FN:533,_RNCNvCsdaa2qCuFKkI_28finger_kernel_context_ledger14filter_entriess2_0B3_
FN:626,_RNCNvCsdaa2qCuFKkI_28finger_kernel_context_ledger10to_bigrams0B3_
FN:568,_RNCNvCsdaa2qCuFKkI_28finger_kernel_context_ledger14build_timeline0B3_
FN:527,_RNCNvCsdaa2qCuFKkI_28finger_kernel_context_ledger14filter_entriess0_0B3_
FN:528,_RNCNvCsdaa2qCuFKkI_28finger_kernel_context_ledger14filter_entriess1_0B3_
FN:136,_RNCNvMCsdaa2qCuFKkI_28finger_kernel_context_ledgerNtB4_13ContextLedger3new0B4_
FN:137,_RNCNvMCsdaa2qCuFKkI_28finger_kernel_context_ledgerNtB4_13ContextLedger3news_0B4_
FN:347,_RNCNvMCsdaa2qCuFKkI_28finger_kernel_context_ledgerNtB4_13ContextLedger16default_root_dir0B4_
FN:356,_RNvMCsdaa2qCuFKkI_28finger_kernel_context_ledgerNtB2_13ContextLedger10session_id
FN:368,_RNvMCsdaa2qCuFKkI_28finger_kernel_context_ledgerNtB2_13ContextLedger12can_read_all
FN:376,_RNvMCsdaa2qCuFKkI_28finger_kernel_context_ledgerNtB2_13ContextLedger15focus_max_chars
FN:372,_RNvMCsdaa2qCuFKkI_28finger_kernel_context_ledgerNtB2_13ContextLedger15readable_agents
FN:344,_RNvMCsdaa2qCuFKkI_28finger_kernel_context_ledgerNtB2_13ContextLedger16default_root_dir
FN:364,_RNvMCsdaa2qCuFKkI_28finger_kernel_context_ledgerNtB2_13ContextLedger4mode
FN:360,_RNvMCsdaa2qCuFKkI_28finger_kernel_context_ledgerNtB2_13ContextLedger8agent_id
FN:352,_RNvMCsdaa2qCuFKkI_28finger_kernel_context_ledgerNtB2_13ContextLedger8root_dir
FN:356,_RNvMCskn2nHKCLuYh_28finger_kernel_context_ledgerNtB2_13ContextLedger10session_id
FN:368,_RNvMCskn2nHKCLuYh_28finger_kernel_context_ledgerNtB2_13ContextLedger12can_read_all
FN:376,_RNvMCskn2nHKCLuYh_28finger_kernel_context_ledgerNtB2_13ContextLedger15focus_max_chars
FN:372,_RNvMCskn2nHKCLuYh_28finger_kernel_context_ledgerNtB2_13ContextLedger15readable_agents
FN:364,_RNvMCskn2nHKCLuYh_28finger_kernel_context_ledgerNtB2_13ContextLedger4mode
FN:360,_RNvMCskn2nHKCLuYh_28finger_kernel_context_ledgerNtB2_13ContextLedger8agent_id
FN:352,_RNvMCskn2nHKCLuYh_28finger_kernel_context_ledgerNtB2_13ContextLedger8root_dir
FN:666,_RNCNvCskn2nHKCLuYh_28finger_kernel_context_ledger13now_timestamp0B3_
FN:522,_RNCNvCskn2nHKCLuYh_28finger_kernel_context_ledger14filter_entries0B3_
FN:523,_RNCNvCskn2nHKCLuYh_28finger_kernel_context_ledger14filter_entriess_0B3_
FN:605,_RNCNvCskn2nHKCLuYh_28finger_kernel_context_ledger29sanitize_compact_summary_text0B3_
FN:173,_RNCNvMCskn2nHKCLuYh_28finger_kernel_context_ledgerNtB4_13ContextLedger12append_event0B4_
FN:347,_RNCNvMCskn2nHKCLuYh_28finger_kernel_context_ledgerNtB4_13ContextLedger16default_root_dir0B4_
FN:206,_RNCNvMCskn2nHKCLuYh_28finger_kernel_context_ledgerNtB4_13ContextLedger21append_compact_memory0B4_
FN:453,_RNCNvMCskn2nHKCLuYh_28finger_kernel_context_ledgerNtB4_13ContextLedger28rebuild_compact_memory_index0B4_
FN:293,_RNCNvMCskn2nHKCLuYh_28finger_kernel_context_ledgerNtB4_13ContextLedger5query0B4_
FN:299,_RNCNvMCskn2nHKCLuYh_28finger_kernel_context_ledgerNtB4_13ContextLedger5querys0_0B4_
FN:300,_RNCNvMCskn2nHKCLuYh_28finger_kernel_context_ledgerNtB4_13ContextLedger5querys1_0B4_
FN:305,_RNCNvMCskn2nHKCLuYh_28finger_kernel_context_ledgerNtB4_13ContextLedger5querys2_0B4_
FN:306,_RNCNvMCskn2nHKCLuYh_28finger_kernel_context_ledgerNtB4_13ContextLedger5querys3_0B4_
FN:294,_RNCNvMCskn2nHKCLuYh_28finger_kernel_context_ledgerNtB4_13ContextLedger5querys_0B4_
FN:655,_RNvCskn2nHKCLuYh_28finger_kernel_context_ledger10now_millis
FN:623,_RNvCskn2nHKCLuYh_28finger_kernel_context_ledger10to_bigrams
FN:610,_RNvCskn2nHKCLuYh_28finger_kernel_context_ledger11fuzzy_score
FN:497,_RNvCskn2nHKCLuYh_28finger_kernel_context_ledger12read_entries
FN:579,_RNvCskn2nHKCLuYh_28finger_kernel_context_ledger13build_preview
FN:662,_RNvCskn2nHKCLuYh_28finger_kernel_context_ledger13now_timestamp
FN:564,_RNvCskn2nHKCLuYh_28finger_kernel_context_ledger14build_timeline
FN:516,_RNvCskn2nHKCLuYh_28finger_kernel_context_ledger14filter_entries
FN:640,_RNvCskn2nHKCLuYh_28finger_kernel_context_ledger15keep_tail_chars
FN:648,_RNvCskn2nHKCLuYh_28finger_kernel_context_ledger18sanitize_component
FN:592,_RNvCskn2nHKCLuYh_28finger_kernel_context_ledger26contains_prompt_like_block
FN:602,_RNvCskn2nHKCLuYh_28finger_kernel_context_ledger29sanitize_compact_summary_text
FN:389,_RNvMCskn2nHKCLuYh_28finger_kernel_context_ledgerNtB2_13ContextLedger10focus_path
FN:220,_RNvMCskn2nHKCLuYh_28finger_kernel_context_ledgerNtB2_13ContextLedger10read_focus
FN:380,_RNvMCskn2nHKCLuYh_28finger_kernel_context_ledgerNtB2_13ContextLedger11ledger_path
FN:146,_RNvMCskn2nHKCLuYh_28finger_kernel_context_ledgerNtB2_13ContextLedger12append_event
FN:236,_RNvMCskn2nHKCLuYh_28finger_kernel_context_ledgerNtB2_13ContextLedger12insert_focus
FN:344,_RNvMCskn2nHKCLuYh_28finger_kernel_context_ledgerNtB2_13ContextLedger16default_root_dir
FN:490,_RNvMCskn2nHKCLuYh_28finger_kernel_context_ledgerNtB2_13ContextLedger16resolve_base_dir
FN:399,_RNvMCskn2nHKCLuYh_28finger_kernel_context_ledgerNtB2_13ContextLedger19compact_memory_path
FN:486,_RNvMCskn2nHKCLuYh_28finger_kernel_context_ledgerNtB2_13ContextLedger19resolve_ledger_path
FN:186,_RNvMCskn2nHKCLuYh_28finger_kernel_context_ledgerNtB2_13ContextLedger21append_compact_memory
FN:409,_RNvMCskn2nHKCLuYh_28finger_kernel_context_ledgerNtB2_13ContextLedger25compact_memory_index_path
FN:419,_RNvMCskn2nHKCLuYh_28finger_kernel_context_ledgerNtB2_13ContextLedger28rebuild_compact_memory_index
FN:104,_RNvMCskn2nHKCLuYh_28finger_kernel_context_ledgerNtB2_13ContextLedger3new
FN:285,_RNvMCskn2nHKCLuYh_28finger_kernel_context_ledgerNtB2_13ContextLedger5query
FN:618,_RNCNvCskn2nHKCLuYh_28finger_kernel_context_ledger11fuzzy_score0B3_
FN:469,_RNCNvMCskn2nHKCLuYh_28finger_kernel_context_ledgerNtB4_13ContextLedger28rebuild_compact_memory_indexs_0B4_
FN:626,_RNCNvCskn2nHKCLuYh_28finger_kernel_context_ledger10to_bigrams0B3_
FN:535,_RNCNCNvCskn2nHKCLuYh_28finger_kernel_context_ledger14filter_entriess2_00B5_
FN:545,_RNCNCNvCskn2nHKCLuYh_28finger_kernel_context_ledger14filter_entriess2_0s0_0B5_
FN:538,_RNCNCNvCskn2nHKCLuYh_28finger_kernel_context_ledger14filter_entriess2_0s_0B5_
FN:533,_RNCNvCskn2nHKCLuYh_28finger_kernel_context_ledger14filter_entriess2_0B3_
FN:568,_RNCNvCskn2nHKCLuYh_28finger_kernel_context_ledger14build_timeline0B3_
FN:527,_RNCNvCskn2nHKCLuYh_28finger_kernel_context_ledger14filter_entriess0_0B3_
FN:528,_RNCNvCskn2nHKCLuYh_28finger_kernel_context_ledger14filter_entriess1_0B3_
FN:136,_RNCNvMCskn2nHKCLuYh_28finger_kernel_context_ledgerNtB4_13ContextLedger3new0B4_
FN:137,_RNCNvMCskn2nHKCLuYh_28finger_kernel_context_ledgerNtB4_13ContextLedger3news_0B4_
FNDA:0,_RNCNvCsdaa2qCuFKkI_28finger_kernel_context_ledger13now_timestamp0B3_
FNDA:0,_RNCNvCsdaa2qCuFKkI_28finger_kernel_context_ledger14filter_entries0B3_
FNDA:0,_RNCNvCsdaa2qCuFKkI_28finger_kernel_context_ledger14filter_entriess_0B3_
FNDA:3,_RNCNvCsdaa2qCuFKkI_28finger_kernel_context_ledger29sanitize_compact_summary_text0B3_
FNDA:0,_RNCNvMCsdaa2qCuFKkI_28finger_kernel_context_ledgerNtB4_13ContextLedger12append_event0B4_
FNDA:0,_RNCNvMCsdaa2qCuFKkI_28finger_kernel_context_ledgerNtB4_13ContextLedger21append_compact_memory0B4_
FNDA:0,_RNCNvMCsdaa2qCuFKkI_28finger_kernel_context_ledgerNtB4_13ContextLedger28rebuild_compact_memory_index0B4_
FNDA:0,_RNCNvMCsdaa2qCuFKkI_28finger_kernel_context_ledgerNtB4_13ContextLedger5query0B4_
FNDA:1,_RNCNvMCsdaa2qCuFKkI_28finger_kernel_context_ledgerNtB4_13ContextLedger5querys0_0B4_
FNDA:1,_RNCNvMCsdaa2qCuFKkI_28finger_kernel_context_ledgerNtB4_13ContextLedger5querys1_0B4_
FNDA:0,_RNCNvMCsdaa2qCuFKkI_28finger_kernel_context_ledgerNtB4_13ContextLedger5querys2_0B4_
FNDA:2,_RNCNvMCsdaa2qCuFKkI_28finger_kernel_context_ledgerNtB4_13ContextLedger5querys3_0B4_
FNDA:2,_RNCNvMCsdaa2qCuFKkI_28finger_kernel_context_ledgerNtB4_13ContextLedger5querys_0B4_
FNDA:12,_RNvCsdaa2qCuFKkI_28finger_kernel_context_ledger10now_millis
FNDA:0,_RNvCsdaa2qCuFKkI_28finger_kernel_context_ledger10to_bigrams
FNDA:0,_RNvCsdaa2qCuFKkI_28finger_kernel_context_ledger11fuzzy_score
FNDA:1,_RNvCsdaa2qCuFKkI_28finger_kernel_context_ledger12read_entries
FNDA:2,_RNvCsdaa2qCuFKkI_28finger_kernel_context_ledger13build_preview
FNDA:8,_RNvCsdaa2qCuFKkI_28finger_kernel_context_ledger13now_timestamp
FNDA:1,_RNvCsdaa2qCuFKkI_28finger_kernel_context_ledger14build_timeline
FNDA:1,_RNvCsdaa2qCuFKkI_28finger_kernel_context_ledger14filter_entries
FNDA:1,_RNvCsdaa2qCuFKkI_28finger_kernel_context_ledger15keep_tail_chars
FNDA:62,_RNvCsdaa2qCuFKkI_28finger_kernel_context_ledger18sanitize_component
FNDA:5,_RNvCsdaa2qCuFKkI_28finger_kernel_context_ledger26contains_prompt_like_block
FNDA:3,_RNvCsdaa2qCuFKkI_28finger_kernel_context_ledger29sanitize_compact_summary_text
FNDA:2,_RNvMCsdaa2qCuFKkI_28finger_kernel_context_ledgerNtB2_13ContextLedger10focus_path
FNDA:1,_RNvMCsdaa2qCuFKkI_28finger_kernel_context_ledgerNtB2_13ContextLedger10read_focus
FNDA:4,_RNvMCsdaa2qCuFKkI_28finger_kernel_context_ledgerNtB2_13ContextLedger11ledger_path
FNDA:4,_RNvMCsdaa2qCuFKkI_28finger_kernel_context_ledgerNtB2_13ContextLedger12append_event
FNDA:1,_RNvMCsdaa2qCuFKkI_28finger_kernel_context_ledgerNtB2_13ContextLedger12insert_focus
FNDA:18,_RNvMCsdaa2qCuFKkI_28finger_kernel_context_ledgerNtB2_13ContextLedger16resolve_base_dir
FNDA:4,_RNvMCsdaa2qCuFKkI_28finger_kernel_context_ledgerNtB2_13ContextLedger19compact_memory_path
FNDA:5,_RNvMCsdaa2qCuFKkI_28finger_kernel_context_ledgerNtB2_13ContextLedger19resolve_ledger_path
FNDA:2,_RNvMCsdaa2qCuFKkI_28finger_kernel_context_ledgerNtB2_13ContextLedger21append_compact_memory
FNDA:2,_RNvMCsdaa2qCuFKkI_28finger_kernel_context_ledgerNtB2_13ContextLedger25compact_memory_index_path
FNDA:2,_RNvMCsdaa2qCuFKkI_28finger_kernel_context_ledgerNtB2_13ContextLedger28rebuild_compact_memory_index
FNDA:5,_RNvMCsdaa2qCuFKkI_28finger_kernel_context_ledgerNtB2_13ContextLedger3new
FNDA:2,_RNvMCsdaa2qCuFKkI_28finger_kernel_context_ledgerNtB2_13ContextLedger5query
FNDA:4,_RNvNtCsdaa2qCuFKkI_28finger_kernel_context_ledger5tests9temp_root
FNDA:1,_RNvNtCsdaa2qCuFKkI_28finger_kernel_context_ledger5testss_26append_and_query_own_agent
FNDA:1,_RNvNtCsdaa2qCuFKkI_28finger_kernel_context_ledger5testss_26query_respects_permissions
FNDA:1,_RNvNtCsdaa2qCuFKkI_28finger_kernel_context_ledger5testss_27focus_insert_enforces_limit
FNDA:1,_RNvNtCsdaa2qCuFKkI_28finger_kernel_context_ledger5testss_34append_compact_memory_writes_jsonl
FNDA:2,_RNCNvMCsdaa2qCuFKkI_28finger_kernel_context_ledgerNtB4_13ContextLedger28rebuild_compact_memory_indexs_0B4_
FNDA:0,_RNCNvCsdaa2qCuFKkI_28finger_kernel_context_ledger11fuzzy_score0B3_
FNDA:0,_RNCNCNvCsdaa2qCuFKkI_28finger_kernel_context_ledger14filter_entriess2_00B5_
FNDA:0,_RNCNCNvCsdaa2qCuFKkI_28finger_kernel_context_ledger14filter_entriess2_0s0_0B5_
FNDA:0,_RNCNCNvCsdaa2qCuFKkI_28finger_kernel_context_ledger14filter_entriess2_0s_0B5_
FNDA:2,_RNCNvCsdaa2qCuFKkI_28finger_kernel_context_ledger14filter_entriess2_0B3_
FNDA:0,_RNCNvCsdaa2qCuFKkI_28finger_kernel_context_ledger10to_bigrams0B3_
FNDA:2,_RNCNvCsdaa2qCuFKkI_28finger_kernel_context_ledger14build_timeline0B3_
FNDA:0,_RNCNvCsdaa2qCuFKkI_28finger_kernel_context_ledger14filter_entriess0_0B3_
FNDA:0,_RNCNvCsdaa2qCuFKkI_28finger_kernel_context_ledger14filter_entriess1_0B3_
FNDA:0,_RNCNvMCsdaa2qCuFKkI_28finger_kernel_context_ledgerNtB4_13ContextLedger3new0B4_
FNDA:0,_RNCNvMCsdaa2qCuFKkI_28finger_kernel_context_ledgerNtB4_13ContextLedger3news_0B4_
FNDA:0,_RNCNvMCsdaa2qCuFKkI_28finger_kernel_context_ledgerNtB4_13ContextLedger16default_root_dir0B4_
FNDA:0,_RNvMCsdaa2qCuFKkI_28finger_kernel_context_ledgerNtB2_13ContextLedger10session_id
FNDA:0,_RNvMCsdaa2qCuFKkI_28finger_kernel_context_ledgerNtB2_13ContextLedger12can_read_all
FNDA:0,_RNvMCsdaa2qCuFKkI_28finger_kernel_context_ledgerNtB2_13ContextLedger15focus_max_chars
FNDA:0,_RNvMCsdaa2qCuFKkI_28finger_kernel_context_ledgerNtB2_13ContextLedger15readable_agents
FNDA:0,_RNvMCsdaa2qCuFKkI_28finger_kernel_context_ledgerNtB2_13ContextLedger16default_root_dir
FNDA:0,_RNvMCsdaa2qCuFKkI_28finger_kernel_context_ledgerNtB2_13ContextLedger4mode
FNDA:0,_RNvMCsdaa2qCuFKkI_28finger_kernel_context_ledgerNtB2_13ContextLedger8agent_id
FNDA:0,_RNvMCsdaa2qCuFKkI_28finger_kernel_context_ledgerNtB2_13ContextLedger8root_dir
FNDA:0,_RNvMCskn2nHKCLuYh_28finger_kernel_context_ledgerNtB2_13ContextLedger10session_id
FNDA:0,_RNvMCskn2nHKCLuYh_28finger_kernel_context_ledgerNtB2_13ContextLedger12can_read_all
FNDA:0,_RNvMCskn2nHKCLuYh_28finger_kernel_context_ledgerNtB2_13ContextLedger15focus_max_chars
FNDA:0,_RNvMCskn2nHKCLuYh_28finger_kernel_context_ledgerNtB2_13ContextLedger15readable_agents
FNDA:0,_RNvMCskn2nHKCLuYh_28finger_kernel_context_ledgerNtB2_13ContextLedger4mode
FNDA:0,_RNvMCskn2nHKCLuYh_28finger_kernel_context_ledgerNtB2_13ContextLedger8agent_id
FNDA:0,_RNvMCskn2nHKCLuYh_28finger_kernel_context_ledgerNtB2_13ContextLedger8root_dir
FNDA:0,_RNCNvCskn2nHKCLuYh_28finger_kernel_context_ledger13now_timestamp0B3_
FNDA:0,_RNCNvCskn2nHKCLuYh_28finger_kernel_context_ledger14filter_entries0B3_
FNDA:0,_RNCNvCskn2nHKCLuYh_28finger_kernel_context_ledger14filter_entriess_0B3_
FNDA:0,_RNCNvCskn2nHKCLuYh_28finger_kernel_context_ledger29sanitize_compact_summary_text0B3_
FNDA:0,_RNCNvMCskn2nHKCLuYh_28finger_kernel_context_ledgerNtB4_13ContextLedger12append_event0B4_
FNDA:0,_RNCNvMCskn2nHKCLuYh_28finger_kernel_context_ledgerNtB4_13ContextLedger16default_root_dir0B4_
FNDA:0,_RNCNvMCskn2nHKCLuYh_28finger_kernel_context_ledgerNtB4_13ContextLedger21append_compact_memory0B4_
FNDA:0,_RNCNvMCskn2nHKCLuYh_28finger_kernel_context_ledgerNtB4_13ContextLedger28rebuild_compact_memory_index0B4_
FNDA:0,_RNCNvMCskn2nHKCLuYh_28finger_kernel_context_ledgerNtB4_13ContextLedger5query0B4_
FNDA:0,_RNCNvMCskn2nHKCLuYh_28finger_kernel_context_ledgerNtB4_13ContextLedger5querys0_0B4_
FNDA:1,_RNCNvMCskn2nHKCLuYh_28finger_kernel_context_ledgerNtB4_13ContextLedger5querys1_0B4_
FNDA:0,_RNCNvMCskn2nHKCLuYh_28finger_kernel_context_ledgerNtB4_13ContextLedger5querys2_0B4_
FNDA:1,_RNCNvMCskn2nHKCLuYh_28finger_kernel_context_ledgerNtB4_13ContextLedger5querys3_0B4_
FNDA:1,_RNCNvMCskn2nHKCLuYh_28finger_kernel_context_ledgerNtB4_13ContextLedger5querys_0B4_
FNDA:1,_RNvCskn2nHKCLuYh_28finger_kernel_context_ledger10now_millis
FNDA:0,_RNvCskn2nHKCLuYh_28finger_kernel_context_ledger10to_bigrams
FNDA:0,_RNvCskn2nHKCLuYh_28finger_kernel_context_ledger11fuzzy_score
FNDA:1,_RNvCskn2nHKCLuYh_28finger_kernel_context_ledger12read_entries
FNDA:1,_RNvCskn2nHKCLuYh_28finger_kernel_context_ledger13build_preview
FNDA:1,_RNvCskn2nHKCLuYh_28finger_kernel_context_ledger13now_timestamp
FNDA:1,_RNvCskn2nHKCLuYh_28finger_kernel_context_ledger14build_timeline
FNDA:1,_RNvCskn2nHKCLuYh_28finger_kernel_context_ledger14filter_entries
FNDA:0,_RNvCskn2nHKCLuYh_28finger_kernel_context_ledger15keep_tail_chars
FNDA:16,_RNvCskn2nHKCLuYh_28finger_kernel_context_ledger18sanitize_component
FNDA:1,_RNvCskn2nHKCLuYh_28finger_kernel_context_ledger26contains_prompt_like_block
FNDA:0,_RNvCskn2nHKCLuYh_28finger_kernel_context_ledger29sanitize_compact_summary_text
FNDA:1,_RNvMCskn2nHKCLuYh_28finger_kernel_context_ledgerNtB2_13ContextLedger10focus_path
FNDA:0,_RNvMCskn2nHKCLuYh_28finger_kernel_context_ledgerNtB2_13ContextLedger10read_focus
FNDA:1,_RNvMCskn2nHKCLuYh_28finger_kernel_context_ledgerNtB2_13ContextLedger11ledger_path
FNDA:1,_RNvMCskn2nHKCLuYh_28finger_kernel_context_ledgerNtB2_13ContextLedger12append_event
FNDA:1,_RNvMCskn2nHKCLuYh_28finger_kernel_context_ledgerNtB2_13ContextLedger12insert_focus
FNDA:0,_RNvMCskn2nHKCLuYh_28finger_kernel_context_ledgerNtB2_13ContextLedger16default_root_dir
FNDA:4,_RNvMCskn2nHKCLuYh_28finger_kernel_context_ledgerNtB2_13ContextLedger16resolve_base_dir
FNDA:0,_RNvMCskn2nHKCLuYh_28finger_kernel_context_ledgerNtB2_13ContextLedger19compact_memory_path
FNDA:2,_RNvMCskn2nHKCLuYh_28finger_kernel_context_ledgerNtB2_13ContextLedger19resolve_ledger_path
FNDA:0,_RNvMCskn2nHKCLuYh_28finger_kernel_context_ledgerNtB2_13ContextLedger21append_compact_memory
FNDA:0,_RNvMCskn2nHKCLuYh_28finger_kernel_context_ledgerNtB2_13ContextLedger25compact_memory_index_path
FNDA:0,_RNvMCskn2nHKCLuYh_28finger_kernel_context_ledgerNtB2_13ContextLedger28rebuild_compact_memory_index
FNDA:1,_RNvMCskn2nHKCLuYh_28finger_kernel_context_ledgerNtB2_13ContextLedger3new
FNDA:1,_RNvMCskn2nHKCLuYh_28finger_kernel_context_ledgerNtB2_13ContextLedger5query
FNDA:0,_RNCNvCskn2nHKCLuYh_28finger_kernel_context_ledger11fuzzy_score0B3_
FNDA:0,_RNCNvMCskn2nHKCLuYh_28finger_kernel_context_ledgerNtB4_13ContextLedger28rebuild_compact_memory_indexs_0B4_
FNDA:0,_RNCNvCskn2nHKCLuYh_28finger_kernel_context_ledger10to_bigrams0B3_
FNDA:0,_RNCNCNvCskn2nHKCLuYh_28finger_kernel_context_ledger14filter_entriess2_00B5_
FNDA:0,_RNCNCNvCskn2nHKCLuYh_28finger_kernel_context_ledger14filter_entriess2_0s0_0B5_
FNDA:0,_RNCNCNvCskn2nHKCLuYh_28finger_kernel_context_ledger14filter_entriess2_0s_0B5_
FNDA:1,_RNCNvCskn2nHKCLuYh_28finger_kernel_context_ledger14filter_entriess2_0B3_
FNDA:1,_RNCNvCskn2nHKCLuYh_28finger_kernel_context_ledger14build_timeline0B3_
FNDA:1,_RNCNvCskn2nHKCLuYh_28finger_kernel_context_ledger14filter_entriess0_0B3_
FNDA:1,_RNCNvCskn2nHKCLuYh_28finger_kernel_context_ledger14filter_entriess1_0B3_
FNDA:0,_RNCNvMCskn2nHKCLuYh_28finger_kernel_context_ledgerNtB4_13ContextLedger3new0B4_
FNDA:0,_RNCNvMCskn2nHKCLuYh_28finger_kernel_context_ledgerNtB4_13ContextLedger3news_0B4_
FNF:64
FNH:38
DA:104,6
DA:105,6
DA:106,0
DA:107,0
DA:108,0
DA:109,6
DA:110,6
DA:111,0
DA:112,0
DA:113,0
DA:114,6
DA:115,6
DA:116,0
DA:117,0
DA:118,0
DA:119,6
DA:120,6
DA:121,0
DA:122,0
DA:123,0
DA:124,6
DA:126,6
DA:127,6
DA:128,6
DA:129,6
DA:130,6
DA:131,0
DA:133,6
DA:134,6
DA:135,6
DA:136,6
DA:137,6
DA:138,6
DA:140,6
DA:141,6
DA:142,6
DA:143,6
DA:144,6
DA:146,5
DA:147,5
DA:148,5
DA:149,0
DA:150,0
DA:151,0
DA:152,5
DA:154,5
DA:155,5
DA:158,5
DA:160,5
DA:161,5
DA:162,5
DA:163,5
DA:164,5
DA:165,5
DA:166,5
DA:167,5
DA:168,5
DA:169,5
DA:170,5
DA:172,5
DA:173,5
DA:174,0
DA:175,0
DA:176,5
DA:177,5
DA:178,5
DA:179,5
DA:180,5
DA:181,5
DA:182,5
DA:183,5
DA:184,5
DA:186,2
DA:187,2
DA:188,2
DA:191,2
DA:194,2
DA:195,2
DA:196,2
DA:197,2
DA:198,2
DA:199,2
DA:200,2
DA:201,2
DA:202,2
DA:205,2
DA:206,2
DA:207,0
DA:208,0
DA:209,2
DA:210,2
DA:211,2
DA:212,2
DA:213,2
DA:214,2
DA:215,2
DA:216,2
DA:217,2
DA:218,2
DA:220,1
DA:221,1
DA:222,0
DA:223,1
DA:224,1
DA:225,1
DA:226,0
DA:227,1
DA:228,1
DA:229,1
DA:230,1
DA:231,0
DA:232,1
DA:233,1
DA:234,1
DA:236,2
DA:237,2
DA:238,2
DA:239,2
DA:240,2
DA:241,2
DA:242,0
DA:243,0
DA:244,0
DA:245,2
DA:246,2
DA:247,2
DA:248,0
DA:249,0
DA:250,0
DA:251,2
DA:253,2
DA:254,0
DA:255,0
DA:256,0
DA:259,2
DA:262,2
DA:263,2
DA:264,2
DA:265,1
DA:266,1
DA:267,1
DA:269,2
DA:270,2
DA:271,2
DA:272,2
DA:273,2
DA:274,2
DA:275,2
DA:276,2
DA:277,2
DA:279,2
DA:280,2
DA:281,2
DA:282,2
DA:283,2
DA:285,3
DA:286,3
DA:287,3
DA:288,3
DA:289,3
DA:290,3
DA:291,3
DA:292,3
DA:293,3
DA:294,3
DA:295,3
DA:296,3
DA:297,3
DA:298,3
DA:299,3
DA:300,3
DA:301,3
DA:302,3
DA:303,3
DA:304,3
DA:305,3
DA:306,3
DA:308,3
DA:309,1
DA:310,1
DA:312,1
DA:313,1
DA:314,1
DA:315,2
DA:317,2
DA:318,2
DA:319,2
DA:320,2
DA:321,2
DA:324,2
DA:325,2
DA:326,2
DA:327,2
DA:328,2
DA:329,2
DA:330,0
DA:332,2
DA:335,2
DA:336,2
DA:337,2
DA:338,2
DA:339,2
DA:340,2
DA:341,2
DA:342,3
DA:344,0
DA:345,0
DA:346,0
DA:347,0
DA:348,0
DA:349,0
DA:350,0
DA:352,0
DA:353,0
DA:354,0
DA:356,0
DA:357,0
DA:358,0
DA:360,0
DA:361,0
DA:362,0
DA:364,0
DA:365,0
DA:366,0
DA:368,0
DA:369,0
DA:370,0
DA:372,0
DA:373,0
DA:374,0
DA:376,0
DA:377,0
DA:378,0
DA:380,5
DA:381,5
DA:382,5
DA:383,5
DA:384,5
DA:385,5
DA:387,5
DA:389,3
DA:390,3
DA:391,3
DA:392,3
DA:393,3
DA:394,3
DA:395,3
DA:396,3
DA:397,3
DA:399,4
DA:400,4
DA:401,4
DA:402,4
DA:403,4
DA:404,4
DA:405,4
DA:406,4
DA:407,4
DA:409,2
DA:410,2
DA:411,2
DA:412,2
DA:413,2
DA:414,2
DA:415,2
DA:416,2
DA:417,2
DA:419,2
DA:420,2
DA:421,2
DA:422,2
DA:424,2
DA:425,2
DA:426,2
DA:427,3
DA:428,3
DA:429,3
DA:430,3
DA:431,0
DA:432,3
DA:433,3
DA:434,3
DA:435,0
DA:437,3
DA:438,3
DA:439,3
DA:440,3
DA:441,3
DA:442,3
DA:443,3
DA:444,3
DA:445,3
DA:446,3
DA:447,3
DA:448,3
DA:449,3
DA:450,3
DA:451,3
DA:452,3
DA:453,3
DA:454,3
DA:455,3
DA:456,0
DA:457,3
DA:458,3
DA:459,3
DA:460,3
DA:461,3
DA:462,3
DA:463,3
DA:464,3
DA:467,0
DA:469,2
DA:470,2
DA:471,2
DA:472,2
DA:473,2
DA:474,2
DA:475,2
DA:476,2
DA:477,2
DA:478,2
DA:479,2
DA:480,2
DA:482,2
DA:483,2
DA:484,2
DA:486,7
DA:487,7
DA:488,7
DA:490,22
DA:491,22
DA:492,22
DA:493,22
DA:494,22
DA:497,2
DA:498,2
DA:499,0
DA:500,2
DA:501,2
DA:502,2
DA:503,2
DA:504,3
DA:505,3
DA:506,3
DA:507,3
DA:508,0
DA:509,3
DA:510,3
DA:511,3
DA:513,2
DA:514,2
DA:516,2
DA:517,2
DA:518,2
DA:519,2
DA:520,2
DA:521,2
DA:522,2
DA:523,2
DA:524,2
DA:525,2
DA:526,2
DA:527,2
DA:528,2
DA:529,2
DA:531,2
DA:532,2
DA:533,3
DA:534,3
DA:535,3
DA:536,3
DA:537,3
DA:538,3
DA:539,3
DA:540,3
DA:541,1
DA:542,3
DA:543,3
DA:544,3
DA:545,3
DA:546,0
DA:547,0
DA:548,0
DA:550,0
DA:551,0
DA:552,0
DA:553,0
DA:554,0
DA:555,0
DA:556,0
DA:557,3
DA:558,3
DA:559,2
DA:560,2
DA:561,2
DA:562,2
DA:564,2
DA:565,2
DA:566,2
DA:567,2
DA:568,3
DA:569,3
DA:570,3
DA:571,3
DA:572,3
DA:573,3
DA:574,3
DA:575,3
DA:576,2
DA:577,2
DA:579,3
DA:580,3
DA:581,3
DA:582,3
DA:583,0
DA:584,0
DA:585,0
DA:586,0
DA:587,0
DA:588,0
DA:589,0
DA:590,3
DA:592,6
DA:593,6
DA:594,6
DA:595,6
DA:596,6
DA:597,6
DA:598,6
DA:599,6
DA:600,6
DA:602,3
DA:603,3
DA:604,3
DA:605,3
DA:606,3
DA:607,3
DA:608,3
DA:610,0
DA:611,0
DA:612,0
DA:613,0
DA:614,0
DA:615,0
DA:616,0
DA:617,0
DA:618,0
DA:619,0
DA:620,0
DA:621,0
DA:623,0
DA:624,0
DA:625,0
DA:626,0
DA:627,0
DA:628,0
DA:629,0
DA:630,0
DA:631,0
DA:632,0
DA:633,0
DA:634,0
DA:635,0
DA:637,0
DA:638,0
DA:640,1
DA:641,1
DA:642,1
DA:643,0
DA:644,1
DA:645,1
DA:646,1
DA:648,78
DA:649,78
DA:650,78
DA:651,78
DA:652,78
DA:653,78
DA:655,13
DA:656,13
DA:657,13
DA:658,13
DA:659,13
DA:660,13
DA:662,9
DA:663,9
DA:664,9
DA:665,9
DA:666,9
DA:667,9
DA:668,9
DA:674,4
DA:675,4
DA:676,4
DA:677,4
DA:680,1
DA:681,1
DA:682,1
DA:683,1
DA:684,1
DA:685,1
DA:686,1
DA:687,1
DA:688,1
DA:689,1
DA:690,1
DA:691,1
DA:692,1
DA:693,1
DA:695,1
DA:696,1
DA:697,1
DA:698,1
DA:699,1
DA:700,1
DA:702,1
DA:703,1
DA:704,1
DA:705,1
DA:706,1
DA:707,1
DA:708,1
DA:709,1
DA:710,1
DA:713,1
DA:714,1
DA:715,1
DA:716,1
DA:717,1
DA:718,1
DA:719,1
DA:720,1
DA:721,1
DA:722,1
DA:723,1
DA:724,1
DA:725,1
DA:726,1
DA:728,1
DA:729,1
DA:730,1
DA:731,1
DA:732,1
DA:733,1
DA:734,1
DA:735,1
DA:738,1
DA:739,1
DA:740,1
DA:741,1
DA:742,1
DA:743,1
DA:744,1
DA:745,1
DA:746,1
DA:747,1
DA:748,1
DA:749,1
DA:750,1
DA:751,1
DA:752,1
DA:753,1
DA:754,1
DA:756,1
DA:757,1
DA:758,1
DA:759,1
DA:760,1
DA:761,1
DA:762,1
DA:763,1
DA:764,1
DA:765,1
DA:766,1
DA:767,1
DA:769,1
DA:770,1
DA:771,1
DA:772,1
DA:773,1
DA:774,1
DA:775,1
DA:776,1
DA:779,1
DA:780,1
DA:781,1
DA:782,1
DA:783,1
DA:784,1
DA:785,1
DA:786,1
DA:787,1
DA:788,1
DA:789,1
DA:790,1
DA:791,1
DA:792,1
DA:794,1
DA:795,1
DA:796,1
DA:797,1
DA:798,1
DA:800,1
DA:801,1
DA:802,1
DA:803,1
DA:804,1
DA:805,1
DA:807,1
DA:809,1
DA:810,1
DA:811,1
DA:812,1
DA:813,1
DA:814,1
DA:815,1
DA:817,1
DA:818,1
DA:819,1
DA:820,1
DA:821,1
DA:822,1
DA:823,1
DA:824,1
DA:825,1
DA:826,1
DA:827,1
DA:828,1
DA:829,1
DA:830,1
DA:831,1
DA:832,1
DA:833,1
DA:834,1
DA:835,1
DA:836,1
BRF:0
BRH:0
LF:664
LH:534
end_of_record
SF:/Volumes/extension/code/finger/rust/kernel-core/src/lib.rs
FN:130,_RNCNvMs_CsG6VsZYxyWg_18finger_kernel_coreNtB6_13KernelRuntime4join0B6_
FN:115,_RNCNvMs_CsG6VsZYxyWg_18finger_kernel_coreNtB6_13KernelRuntime6submit0B6_
FN:389,_RNCNvNtCsG6VsZYxyWg_18finger_kernel_core5tests10recv_event0B5_
FN:453,_RNCNvNtCsG6VsZYxyWg_18finger_kernel_core5testss_29interrupt_aborts_running_task0B5_
FN:397,_RNCNvNtCsG6VsZYxyWg_18finger_kernel_core5testss_33emits_session_configured_on_start0B5_
FN:413,_RNCNvNtCsG6VsZYxyWg_18finger_kernel_core5testss_37user_turn_emits_started_then_complete0B5_
FN:724,_RNCNvNtCsG6VsZYxyWg_18finger_kernel_core5testss_45forwards_progress_events_before_task_complete0B5_
FN:501,_RNCNvNtCsG6VsZYxyWg_18finger_kernel_core5testss_46second_user_turn_is_injected_into_running_task0B5_
FN:603,_RNCNvNtCsG6VsZYxyWg_18finger_kernel_core5testss_54queued_followup_turn_reuses_previous_api_history_items0B5_
FN:126,_RNvMs_CsG6VsZYxyWg_18finger_kernel_coreNtB4_13KernelRuntime10events_mut
FN:130,_RNvMs_CsG6VsZYxyWg_18finger_kernel_coreNtB4_13KernelRuntime4join
FN:115,_RNvMs_CsG6VsZYxyWg_18finger_kernel_coreNtB4_13KernelRuntime6submit
FN:389,_RNvNtCsG6VsZYxyWg_18finger_kernel_core5tests10recv_event
FN:453,_RNvNtCsG6VsZYxyWg_18finger_kernel_core5testss_29interrupt_aborts_running_task
FN:397,_RNvNtCsG6VsZYxyWg_18finger_kernel_core5testss_33emits_session_configured_on_start
FN:413,_RNvNtCsG6VsZYxyWg_18finger_kernel_core5testss_37user_turn_emits_started_then_complete
FN:724,_RNvNtCsG6VsZYxyWg_18finger_kernel_core5testss_45forwards_progress_events_before_task_complete
FN:501,_RNvNtCsG6VsZYxyWg_18finger_kernel_core5testss_46second_user_turn_is_injected_into_running_task
FN:603,_RNvNtCsG6VsZYxyWg_18finger_kernel_core5testss_54queued_followup_turn_reuses_previous_api_history_items
FN:565,_RNvXNtCsG6VsZYxyWg_18finger_kernel_core5testsNtB2_25ContinuationHistoryEngineNtB4_10ChatEngine8run_turn
FN:680,_RNvXs_NtCsG6VsZYxyWg_18finger_kernel_core5testsNtB4_18ProgressTestEngineNtB6_10ChatEngine8run_turn
FN:279,_RNCNCNvCsG6VsZYxyWg_18finger_kernel_core10spawn_task0s_0B5_
FN:158,_RNCNCNvCsG6VsZYxyWg_18finger_kernel_core15submission_loop00B5_
FN:376,_RNCNvCsG6VsZYxyWg_18finger_kernel_core10send_event0B3_
FN:250,_RNCNvCsG6VsZYxyWg_18finger_kernel_core10spawn_task0B3_
FN:141,_RNCNvCsG6VsZYxyWg_18finger_kernel_core15submission_loop0B3_
FN:373,_RNvCsG6VsZYxyWg_18finger_kernel_core10send_event
FN:240,_RNvCsG6VsZYxyWg_18finger_kernel_core10spawn_task
FN:136,_RNvCsG6VsZYxyWg_18finger_kernel_core15submission_loop
FN:366,_RNvCsG6VsZYxyWg_18finger_kernel_core39extract_api_history_items_from_metadata
FN:97,_RNvMs_CsG6VsZYxyWg_18finger_kernel_coreNtB4_13KernelRuntime17spawn_with_engine
FN:93,_RNvMs_CsG6VsZYxyWg_18finger_kernel_coreNtB4_13KernelRuntime5spawn
FN:22,_RNvXCsG6VsZYxyWg_18finger_kernel_coreNtB2_12KernelConfigNtNtCsbUtogaBoXXO_4core7default7Default7default
FN:60,_RNvXsc_CsG6VsZYxyWg_18finger_kernel_coreNtB5_14EchoChatEngineNtB5_10ChatEngine8run_turn
FN:591,_RNCNCNvXNtCsG6VsZYxyWg_18finger_kernel_core5testsNtB6_25ContinuationHistoryEngineNtB8_10ChatEngine8run_turn00B8_
FN:61,_RNCNCNvXsc_CsG6VsZYxyWg_18finger_kernel_coreNtB9_14EchoChatEngineNtB9_10ChatEngine8run_turn00B9_
FN:122,_RNvMs_CsG6VsZYxyWg_18finger_kernel_coreNtB4_13KernelRuntime17submission_sender
FN:240,_RNvCs30PhRqtN4XJ_18finger_kernel_core10spawn_task
FN:136,_RNvCs30PhRqtN4XJ_18finger_kernel_core15submission_loop
FN:366,_RNvCs30PhRqtN4XJ_18finger_kernel_core39extract_api_history_items_from_metadata
FN:97,_RNvMs_Cs30PhRqtN4XJ_18finger_kernel_coreNtB4_13KernelRuntime17spawn_with_engine
FN:93,_RNvMs_Cs30PhRqtN4XJ_18finger_kernel_coreNtB4_13KernelRuntime5spawn
FN:22,_RNvXCs30PhRqtN4XJ_18finger_kernel_coreNtB2_12KernelConfigNtNtCsbUtogaBoXXO_4core7default7Default7default
FN:60,_RNvXsc_Cs30PhRqtN4XJ_18finger_kernel_coreNtB5_14EchoChatEngineNtB5_10ChatEngine8run_turn
FN:61,_RNCNCNvXsc_Cs30PhRqtN4XJ_18finger_kernel_coreNtB9_14EchoChatEngineNtB9_10ChatEngine8run_turn00B9_
FN:130,_RNCNvMs_Cs30PhRqtN4XJ_18finger_kernel_coreNtB6_13KernelRuntime4join0B6_
FN:115,_RNCNvMs_Cs30PhRqtN4XJ_18finger_kernel_coreNtB6_13KernelRuntime6submit0B6_
FN:126,_RNvMs_Cs30PhRqtN4XJ_18finger_kernel_coreNtB4_13KernelRuntime10events_mut
FN:122,_RNvMs_Cs30PhRqtN4XJ_18finger_kernel_coreNtB4_13KernelRuntime17submission_sender
FN:130,_RNvMs_Cs30PhRqtN4XJ_18finger_kernel_coreNtB4_13KernelRuntime4join
FN:115,_RNvMs_Cs30PhRqtN4XJ_18finger_kernel_coreNtB4_13KernelRuntime6submit
FNDA:6,_RNCNvMs_CsG6VsZYxyWg_18finger_kernel_coreNtB6_13KernelRuntime4join0B6_
FNDA:14,_RNCNvMs_CsG6VsZYxyWg_18finger_kernel_coreNtB6_13KernelRuntime6submit0B6_
FNDA:19,_RNCNvNtCsG6VsZYxyWg_18finger_kernel_core5tests10recv_event0B5_
FNDA:1,_RNCNvNtCsG6VsZYxyWg_18finger_kernel_core5testss_29interrupt_aborts_running_task0B5_
FNDA:1,_RNCNvNtCsG6VsZYxyWg_18finger_kernel_core5testss_33emits_session_configured_on_start0B5_
FNDA:1,_RNCNvNtCsG6VsZYxyWg_18finger_kernel_core5testss_37user_turn_emits_started_then_complete0B5_
FNDA:1,_RNCNvNtCsG6VsZYxyWg_18finger_kernel_core5testss_45forwards_progress_events_before_task_complete0B5_
FNDA:1,_RNCNvNtCsG6VsZYxyWg_18finger_kernel_core5testss_46second_user_turn_is_injected_into_running_task0B5_
FNDA:1,_RNCNvNtCsG6VsZYxyWg_18finger_kernel_core5testss_54queued_followup_turn_reuses_previous_api_history_items0B5_
FNDA:19,_RNvMs_CsG6VsZYxyWg_18finger_kernel_coreNtB4_13KernelRuntime10events_mut
FNDA:6,_RNvMs_CsG6VsZYxyWg_18finger_kernel_coreNtB4_13KernelRuntime4join
FNDA:14,_RNvMs_CsG6VsZYxyWg_18finger_kernel_coreNtB4_13KernelRuntime6submit
FNDA:19,_RNvNtCsG6VsZYxyWg_18finger_kernel_core5tests10recv_event
FNDA:1,_RNvNtCsG6VsZYxyWg_18finger_kernel_core5testss_29interrupt_aborts_running_task
FNDA:1,_RNvNtCsG6VsZYxyWg_18finger_kernel_core5testss_33emits_session_configured_on_start
FNDA:1,_RNvNtCsG6VsZYxyWg_18finger_kernel_core5testss_37user_turn_emits_started_then_complete
FNDA:1,_RNvNtCsG6VsZYxyWg_18finger_kernel_core5testss_45forwards_progress_events_before_task_complete
FNDA:1,_RNvNtCsG6VsZYxyWg_18finger_kernel_core5testss_46second_user_turn_is_injected_into_running_task
FNDA:1,_RNvNtCsG6VsZYxyWg_18finger_kernel_core5testss_54queued_followup_turn_reuses_previous_api_history_items
FNDA:2,_RNvXNtCsG6VsZYxyWg_18finger_kernel_core5testsNtB2_25ContinuationHistoryEngineNtB4_10ChatEngine8run_turn
FNDA:1,_RNvXs_NtCsG6VsZYxyWg_18finger_kernel_core5testsNtB4_18ProgressTestEngineNtB6_10ChatEngine8run_turn
FNDA:7,_RNCNCNvCsG6VsZYxyWg_18finger_kernel_core10spawn_task0s_0B5_
FNDA:7,_RNCNCNvCsG6VsZYxyWg_18finger_kernel_core15submission_loop00B5_
FNDA:25,_RNCNvCsG6VsZYxyWg_18finger_kernel_core10send_event0B3_
FNDA:5,_RNCNvCsG6VsZYxyWg_18finger_kernel_core10spawn_task0B3_
FNDA:6,_RNCNvCsG6VsZYxyWg_18finger_kernel_core15submission_loop0B3_
FNDA:25,_RNvCsG6VsZYxyWg_18finger_kernel_core10send_event
FNDA:5,_RNvCsG6VsZYxyWg_18finger_kernel_core10spawn_task
FNDA:6,_RNvCsG6VsZYxyWg_18finger_kernel_core15submission_loop
FNDA:1,_RNvCsG6VsZYxyWg_18finger_kernel_core39extract_api_history_items_from_metadata
FNDA:6,_RNvMs_CsG6VsZYxyWg_18finger_kernel_coreNtB4_13KernelRuntime17spawn_with_engine
FNDA:4,_RNvMs_CsG6VsZYxyWg_18finger_kernel_coreNtB4_13KernelRuntime5spawn
FNDA:6,_RNvXCsG6VsZYxyWg_18finger_kernel_coreNtB2_12KernelConfigNtNtCsbUtogaBoXXO_4core7default7Default7default
FNDA:4,_RNvXsc_CsG6VsZYxyWg_18finger_kernel_coreNtB5_14EchoChatEngineNtB5_10ChatEngine8run_turn
FNDA:2,_RNCNCNvXNtCsG6VsZYxyWg_18finger_kernel_core5testsNtB6_25ContinuationHistoryEngineNtB8_10ChatEngine8run_turn00B8_
FNDA:4,_RNCNCNvXsc_CsG6VsZYxyWg_18finger_kernel_coreNtB9_14EchoChatEngineNtB9_10ChatEngine8run_turn00B9_
FNDA:0,_RNvMs_CsG6VsZYxyWg_18finger_kernel_coreNtB4_13KernelRuntime17submission_sender
FNDA:0,_RNvCs30PhRqtN4XJ_18finger_kernel_core10spawn_task
FNDA:0,_RNvCs30PhRqtN4XJ_18finger_kernel_core15submission_loop
FNDA:0,_RNvCs30PhRqtN4XJ_18finger_kernel_core39extract_api_history_items_from_metadata
FNDA:0,_RNvMs_Cs30PhRqtN4XJ_18finger_kernel_coreNtB4_13KernelRuntime17spawn_with_engine
FNDA:0,_RNvMs_Cs30PhRqtN4XJ_18finger_kernel_coreNtB4_13KernelRuntime5spawn
FNDA:0,_RNvXCs30PhRqtN4XJ_18finger_kernel_coreNtB2_12KernelConfigNtNtCsbUtogaBoXXO_4core7default7Default7default
FNDA:0,_RNvXsc_Cs30PhRqtN4XJ_18finger_kernel_coreNtB5_14EchoChatEngineNtB5_10ChatEngine8run_turn
FNDA:0,_RNCNCNvXsc_Cs30PhRqtN4XJ_18finger_kernel_coreNtB9_14EchoChatEngineNtB9_10ChatEngine8run_turn00B9_
FNDA:0,_RNCNvMs_Cs30PhRqtN4XJ_18finger_kernel_coreNtB6_13KernelRuntime4join0B6_
FNDA:0,_RNCNvMs_Cs30PhRqtN4XJ_18finger_kernel_coreNtB6_13KernelRuntime6submit0B6_
FNDA:0,_RNvMs_Cs30PhRqtN4XJ_18finger_kernel_coreNtB4_13KernelRuntime10events_mut
FNDA:0,_RNvMs_Cs30PhRqtN4XJ_18finger_kernel_coreNtB4_13KernelRuntime17submission_sender
FNDA:0,_RNvMs_Cs30PhRqtN4XJ_18finger_kernel_coreNtB4_13KernelRuntime4join
FNDA:0,_RNvMs_Cs30PhRqtN4XJ_18finger_kernel_coreNtB4_13KernelRuntime6submit
FNF:37
FNH:36
DA:22,6
DA:23,6
DA:24,6
DA:25,6
DA:26,6
DA:27,6
DA:28,6
DA:60,4
DA:61,4
DA:62,4
DA:63,0
DA:64,4
DA:69,4
DA:93,4
DA:94,4
DA:95,4
DA:97,6
DA:98,6
DA:99,6
DA:101,6
DA:102,6
DA:103,6
DA:104,6
DA:105,6
DA:108,6
DA:109,6
DA:110,6
DA:111,6
DA:112,6
DA:113,6
DA:115,14
DA:116,14
DA:117,14
DA:118,14
DA:119,14
DA:120,14
DA:122,0
DA:123,0
DA:124,0
DA:126,19
DA:127,19
DA:128,19
DA:130,6
DA:131,6
DA:132,6
DA:133,6
DA:136,6
DA:137,6
DA:138,6
DA:139,6
DA:140,6
DA:141,6
DA:142,6
DA:143,6
DA:144,6
DA:145,6
DA:146,6
DA:147,6
DA:148,6
DA:149,6
DA:151,6
DA:153,6
DA:155,14
DA:156,14
DA:157,14
DA:158,14
DA:159,4
DA:160,4
DA:161,10
DA:163,14
DA:164,7
DA:165,7
DA:166,7
DA:167,2
DA:168,2
DA:169,0
DA:170,0
DA:171,0
DA:173,5
DA:175,5
DA:176,5
DA:177,5
DA:178,5
DA:179,5
DA:180,5
DA:182,5
DA:185,1
DA:186,1
DA:187,1
DA:188,1
DA:189,1
DA:190,1
DA:191,1
DA:192,1
DA:193,1
DA:194,1
DA:196,1
DA:197,0
DA:200,6
DA:201,0
DA:202,0
DA:203,0
DA:204,0
DA:205,0
DA:206,0
DA:207,0
DA:208,0
DA:209,0
DA:211,0
DA:212,6
DA:214,6
DA:215,6
DA:216,6
DA:217,6
DA:218,6
DA:219,6
DA:221,6
DA:222,6
DA:225,0
DA:226,0
DA:227,0
DA:228,0
DA:229,0
DA:230,0
DA:231,0
DA:232,0
DA:234,0
DA:238,6
DA:240,5
DA:241,5
DA:242,5
DA:243,5
DA:244,5
DA:245,5
DA:246,5
DA:247,5
DA:248,5
DA:250,5
DA:251,5
DA:252,5
DA:254,5
DA:256,5
DA:257,5
DA:258,5
DA:259,5
DA:260,5
DA:264,5
DA:266,5
DA:267,5
DA:268,5
DA:269,5
DA:272,7
DA:273,7
DA:274,1
DA:275,6
DA:276,7
DA:277,7
DA:278,7
DA:279,7
DA:280,10
DA:281,3
DA:282,3
DA:283,3
DA:284,3
DA:285,3
DA:286,3
DA:288,3
DA:290,7
DA:292,7
DA:293,7
DA:294,0
DA:295,0
DA:296,0
DA:297,0
DA:298,0
DA:299,0
DA:300,0
DA:301,0
DA:303,0
DA:304,7
DA:305,7
DA:306,7
DA:307,7
DA:308,7
DA:309,7
DA:310,7
DA:311,1
DA:312,1
DA:313,1
DA:314,1
DA:315,1
DA:316,6
DA:317,7
DA:318,1
DA:319,6
DA:321,0
DA:322,0
DA:323,0
DA:324,0
DA:325,0
DA:326,0
DA:327,0
DA:328,0
DA:329,0
DA:331,0
DA:332,0
DA:335,7
DA:336,0
DA:338,7
DA:339,2
DA:340,2
DA:341,2
DA:342,4
DA:346,4
DA:347,4
DA:348,4
DA:349,4
DA:350,4
DA:351,4
DA:352,4
DA:353,4
DA:354,4
DA:356,4
DA:357,4
DA:359,5
DA:360,5
DA:361,5
DA:362,5
DA:363,5
DA:364,5
DA:366,1
DA:367,1
DA:368,1
DA:369,1
DA:370,1
DA:371,1
DA:373,25
DA:374,25
DA:375,25
DA:376,25
DA:377,25
DA:378,25
DA:389,19
DA:390,19
DA:391,19
DA:392,19
DA:393,19
DA:394,19
DA:397,1
DA:398,1
DA:399,1
DA:400,1
DA:402,1
DA:403,1
DA:404,1
DA:405,1
DA:406,1
DA:407,1
DA:408,1
DA:409,1
DA:410,1
DA:413,1
DA:414,1
DA:415,1
DA:417,1
DA:418,1
DA:419,1
DA:420,1
DA:421,1
DA:422,1
DA:423,1
DA:424,1
DA:425,1
DA:426,1
DA:427,1
DA:428,1
DA:430,1
DA:431,1
DA:433,1
DA:434,1
DA:435,1
DA:437,1
DA:439,1
DA:442,1
DA:443,1
DA:444,1
DA:445,1
DA:446,1
DA:447,1
DA:448,1
DA:449,1
DA:450,1
DA:453,1
DA:454,1
DA:455,1
DA:456,1
DA:457,1
DA:458,1
DA:460,1
DA:461,1
DA:462,1
DA:463,1
DA:464,1
DA:465,1
DA:466,1
DA:467,1
DA:468,1
DA:469,1
DA:470,1
DA:471,1
DA:472,1
DA:474,1
DA:475,1
DA:476,1
DA:477,1
DA:478,1
DA:479,1
DA:480,1
DA:482,1
DA:483,1
DA:484,1
DA:490,1
DA:491,1
DA:492,1
DA:493,1
DA:494,1
DA:495,1
DA:496,1
DA:497,1
DA:498,1
DA:501,1
DA:502,1
DA:503,1
DA:504,1
DA:505,1
DA:506,1
DA:508,1
DA:509,1
DA:510,1
DA:511,1
DA:512,1
DA:513,1
DA:514,1
DA:515,1
DA:516,1
DA:517,1
DA:518,1
DA:519,1
DA:520,1
DA:521,1
DA:523,1
DA:524,1
DA:525,1
DA:526,1
DA:527,1
DA:528,1
DA:529,1
DA:530,1
DA:531,1
DA:532,1
DA:533,1
DA:534,1
DA:536,1
DA:537,1
DA:538,1
DA:540,1
DA:542,1
DA:545,1
DA:546,1
DA:547,1
DA:548,1
DA:549,1
DA:550,1
DA:551,1
DA:552,1
DA:553,1
DA:565,2
DA:591,2
DA:592,2
DA:593,0
DA:594,2
DA:599,2
DA:603,1
DA:604,1
DA:605,1
DA:606,1
DA:607,1
DA:608,1
DA:609,1
DA:610,1
DA:611,1
DA:612,1
DA:613,1
DA:615,1
DA:617,1
DA:618,1
DA:619,1
DA:620,1
DA:621,1
DA:622,1
DA:623,1
DA:624,1
DA:625,1
DA:626,1
DA:627,1
DA:628,1
DA:629,1
DA:630,1
DA:632,1
DA:633,1
DA:634,1
DA:635,1
DA:636,1
DA:637,1
DA:638,1
DA:639,1
DA:640,1
DA:641,1
DA:642,1
DA:643,1
DA:645,1
DA:646,1
DA:647,1
DA:649,1
DA:651,1
DA:654,1
DA:655,1
DA:656,1
DA:657,1
DA:658,1
DA:659,1
DA:660,1
DA:661,1
DA:663,1
DA:664,1
DA:665,1
DA:666,1
DA:667,1
DA:668,1
DA:669,1
DA:670,1
DA:680,1
DA:720,1
DA:724,1
DA:725,1
DA:726,1
DA:727,1
DA:729,1
DA:730,1
DA:731,1
DA:732,1
DA:733,1
DA:734,1
DA:735,1
DA:736,1
DA:737,1
DA:738,1
DA:739,1
DA:740,1
DA:742,1
DA:743,1
DA:745,1
DA:746,1
DA:747,1
DA:751,1
DA:752,1
DA:753,1
DA:757,1
DA:758,1
DA:759,1
DA:763,1
DA:764,1
DA:766,1
DA:767,1
DA:768,1
DA:769,1
DA:770,1
DA:771,1
DA:772,1
DA:773,1
DA:774,1
BRF:0
BRH:0
LF:502
LH:453
end_of_record
SF:/Volumes/extension/code/finger/rust/kernel-model/src/lib.rs
FN:2955,_RNCNCNvNtCsiWPvhcQOJZy_19finger_kernel_model5testss_44run_turn_handles_tool_success_false_response00B7_
FN:3058,_RNCNCNvNtCsiWPvhcQOJZy_19finger_kernel_model5testss_60run_turn_emits_tool_error_progress_when_tool_execution_fails00B7_
FN:69,_RNCNvMCsiWPvhcQOJZy_19finger_kernel_modelNtB4_19ResponsesChatEngine13complete_text0B4_
FN:2549,_RNCNvNtCsiWPvhcQOJZy_19finger_kernel_model5testss_43retries_on_transient_authentication_failure0B5_
FN:2856,_RNCNvNtCsiWPvhcQOJZy_19finger_kernel_model5testss_44run_turn_handles_tool_success_false_response0B5_
FN:2599,_RNCNvNtCsiWPvhcQOJZy_19finger_kernel_model5testss_49retries_when_sse_stream_missing_completed_payload0B5_
FN:2095,_RNCNvNtCsiWPvhcQOJZy_19finger_kernel_model5testss_55strip_reasoning_history_items_removes_reasoning_entries0B5_
FN:2970,_RNCNvNtCsiWPvhcQOJZy_19finger_kernel_model5testss_60run_turn_emits_tool_error_progress_when_tool_execution_fails0B5_
FN:2733,_RNCNvNtCsiWPvhcQOJZy_19finger_kernel_model5testss_61run_turn_emits_sequenced_progress_for_multiple_function_calls0B5_
FN:2379,_RNCNvNtCsiWPvhcQOJZy_19finger_kernel_model5testss_62run_turn_executes_function_call_loop_and_returns_final_message0B5_
FN:2490,_RNCNvNtCsiWPvhcQOJZy_19finger_kernel_model5testss_65retries_with_store_enabled_when_provider_requires_persisted_items0B5_
FN:2653,_RNCNvNtCsiWPvhcQOJZy_19finger_kernel_model5testss_67retries_without_reasoning_items_when_provider_rejects_rs_references0B5_
FN:69,_RNvMCsiWPvhcQOJZy_19finger_kernel_modelNtB2_19ResponsesChatEngine13complete_text
FN:3086,_RNvNtCsiWPvhcQOJZy_19finger_kernel_model5tests20extract_progress_seq
FN:3078,_RNvNtCsiWPvhcQOJZy_19finger_kernel_model5tests21drain_progress_events
FN:3208,_RNvNtCsiWPvhcQOJZy_19finger_kernel_model5testss_35parse_output_text_trims_empty_parts
FN:2308,_RNvNtCsiWPvhcQOJZy_19finger_kernel_model5testss_40compact_budget_counts_ledger_focus_block
FN:2224,_RNvNtCsiWPvhcQOJZy_19finger_kernel_model5testss_41context_ledger_insert_and_query_roundtrip
FN:2549,_RNvNtCsiWPvhcQOJZy_19finger_kernel_model5testss_43retries_on_transient_authentication_failure
FN:2856,_RNvNtCsiWPvhcQOJZy_19finger_kernel_model5testss_44run_turn_handles_tool_success_false_response
FN:2356,_RNvNtCsiWPvhcQOJZy_19finger_kernel_model5testss_45compact_history_reuses_previous_summary_block
FN:3188,_RNvNtCsiWPvhcQOJZy_19finger_kernel_model5testss_45parse_output_text_empty_when_no_message_items
FN:3166,_RNvNtCsiWPvhcQOJZy_19finger_kernel_model5testss_45parse_output_text_filters_other_content_types
FN:2037,_RNvNtCsiWPvhcQOJZy_19finger_kernel_model5testss_45parse_payload_reads_message_text_content_type
FN:2011,_RNvNtCsiWPvhcQOJZy_19finger_kernel_model5testss_46parse_payload_reads_message_and_function_calls
FN:3129,_RNvNtCsiWPvhcQOJZy_19finger_kernel_model5testss_47parse_output_text_accumulates_multiple_messages
FN:2125,_RNvNtCsiWPvhcQOJZy_19finger_kernel_model5testss_48build_response_input_content_maps_text_and_image
FN:3099,_RNvNtCsiWPvhcQOJZy_19finger_kernel_model5testss_48parse_output_text_excludes_function_call_content
FN:2599,_RNvNtCsiWPvhcQOJZy_19finger_kernel_model5testss_49retries_when_sse_stream_missing_completed_payload
FN:2099,_RNvNtCsiWPvhcQOJZy_19finger_kernel_model5testss_50parse_sse_uses_output_items_and_requires_completed
FN:2331,_RNvNtCsiWPvhcQOJZy_19finger_kernel_model5testss_53context_budget_ignores_large_input_image_payload_size
FN:2071,_RNvNtCsiWPvhcQOJZy_19finger_kernel_model5testss_55strip_reasoning_history_items_removes_reasoning_entries
FN:2143,_RNvNtCsiWPvhcQOJZy_19finger_kernel_model5testss_57build_response_input_content_maps_local_image_to_data_url
FN:2970,_RNvNtCsiWPvhcQOJZy_19finger_kernel_model5testss_60run_turn_emits_tool_error_progress_when_tool_execution_fails
FN:2733,_RNvNtCsiWPvhcQOJZy_19finger_kernel_model5testss_61run_turn_emits_sequenced_progress_for_multiple_function_calls
FN:2379,_RNvNtCsiWPvhcQOJZy_19finger_kernel_model5testss_62run_turn_executes_function_call_loop_and_returns_final_message
FN:2217,_RNvNtCsiWPvhcQOJZy_19finger_kernel_model5testss_63initial_context_block_detection_includes_developer_instructions
FN:2490,_RNvNtCsiWPvhcQOJZy_19finger_kernel_model5testss_65retries_with_store_enabled_when_provider_requires_persisted_items
FN:2269,_RNvNtCsiWPvhcQOJZy_19finger_kernel_model5testss_66compact_history_filters_prompt_blocks_and_preserves_timeline_order
FN:2056,_RNvNtCsiWPvhcQOJZy_19finger_kernel_model5testss_66should_disable_reasoning_replay_when_encrypted_content_is_disabled
FN:2653,_RNvNtCsiWPvhcQOJZy_19finger_kernel_model5testss_67retries_without_reasoning_items_when_provider_rejects_rs_references
FN:2164,_RNvNtCsiWPvhcQOJZy_19finger_kernel_model5testss_69build_initial_input_partitions_context_into_developer_and_user_blocks
FN:1131,_RNCNCNvCsiWPvhcQOJZy_19finger_kernel_model18first_string_field00B5_
FN:997,_RNCNCNvCsiWPvhcQOJZy_19finger_kernel_model20build_context_ledgers6_00B5_
FN:998,_RNCNCNvCsiWPvhcQOJZy_19finger_kernel_model20build_context_ledgers6_0s_0B5_
FN:1143,_RNCNCNvCsiWPvhcQOJZy_19finger_kernel_model20extract_string_array0s_0B5_
FN:1530,_RNCNCNvCsiWPvhcQOJZy_19finger_kernel_model22history_contains_block00B5_
FN:1351,_RNCNCNvCsiWPvhcQOJZy_19finger_kernel_model30parse_output_text_from_message00B5_
FN:1353,_RNCNCNvCsiWPvhcQOJZy_19finger_kernel_model30parse_output_text_from_message0s0_0B5_
FN:1352,_RNCNCNvCsiWPvhcQOJZy_19finger_kernel_model30parse_output_text_from_message0s_0B5_
FN:173,_RNCNCNvMCsiWPvhcQOJZy_19finger_kernel_modelNtB6_19ResponsesChatEngine21complete_with_options0s1_0B6_
FN:183,_RNCNCNvMCsiWPvhcQOJZy_19finger_kernel_modelNtB6_19ResponsesChatEngine21complete_with_options0s2_0B6_
FN:185,_RNCNCNvMCsiWPvhcQOJZy_19finger_kernel_modelNtB6_19ResponsesChatEngine21complete_with_options0s3_0B6_
FN:301,_RNCNCNvMCsiWPvhcQOJZy_19finger_kernel_modelNtB6_19ResponsesChatEngine21complete_with_options0s4_0B6_
FN:724,_RNCNCNvMCsiWPvhcQOJZy_19finger_kernel_modelNtB6_19ResponsesChatEngine24execute_single_tool_call00B6_
FN:735,_RNCNCNvMCsiWPvhcQOJZy_19finger_kernel_modelNtB6_19ResponsesChatEngine24execute_single_tool_call0s_0B6_
FN:792,_RNCNCNvXs5_CsiWPvhcQOJZy_19finger_kernel_modelNtB9_19ResponsesChatEngineNtCs30PhRqtN4XJ_18finger_kernel_core10ChatEngine8run_turn00B9_
FN:807,_RNCNCNvXs5_CsiWPvhcQOJZy_19finger_kernel_modelNtB9_19ResponsesChatEngineNtCs30PhRqtN4XJ_18finger_kernel_core10ChatEngine8run_turn0s_0B9_
FN:1275,_RNCNvCsiWPvhcQOJZy_19finger_kernel_model14parse_json_u640B3_
FN:1689,_RNCNvCsiWPvhcQOJZy_19finger_kernel_model15compact_historys0_0B3_
FN:1690,_RNCNvCsiWPvhcQOJZy_19finger_kernel_model15compact_historys1_0B3_
FN:1691,_RNCNvCsiWPvhcQOJZy_19finger_kernel_model15compact_historys2_0B3_
FN:1712,_RNCNvCsiWPvhcQOJZy_19finger_kernel_model15compact_historys3_0B3_
FN:1729,_RNCNvCsiWPvhcQOJZy_19finger_kernel_model15compact_historys4_0B3_
FN:1688,_RNCNvCsiWPvhcQOJZy_19finger_kernel_model15compact_historys_0B3_
FN:1126,_RNCNvCsiWPvhcQOJZy_19finger_kernel_model18first_string_field0B3_
FN:1925,_RNCNvCsiWPvhcQOJZy_19finger_kernel_model19now_timestamp_local0B3_
FN:970,_RNCNvCsiWPvhcQOJZy_19finger_kernel_model20build_context_ledger0B3_
FN:977,_RNCNvCsiWPvhcQOJZy_19finger_kernel_model20build_context_ledgers0_0B3_
FN:978,_RNCNvCsiWPvhcQOJZy_19finger_kernel_model20build_context_ledgers1_0B3_
FN:984,_RNCNvCsiWPvhcQOJZy_19finger_kernel_model20build_context_ledgers2_0B3_
FN:985,_RNCNvCsiWPvhcQOJZy_19finger_kernel_model20build_context_ledgers3_0B3_
FN:991,_RNCNvCsiWPvhcQOJZy_19finger_kernel_model20build_context_ledgers4_0B3_
FN:992,_RNCNvCsiWPvhcQOJZy_19finger_kernel_model20build_context_ledgers5_0B3_
FN:993,_RNCNvCsiWPvhcQOJZy_19finger_kernel_model20build_context_ledgers6_0B3_
FN:1005,_RNCNvCsiWPvhcQOJZy_19finger_kernel_model20build_context_ledgers7_0B3_
FN:1006,_RNCNvCsiWPvhcQOJZy_19finger_kernel_model20build_context_ledgers8_0B3_
FN:1007,_RNCNvCsiWPvhcQOJZy_19finger_kernel_model20build_context_ledgers9_0B3_
FN:971,_RNCNvCsiWPvhcQOJZy_19finger_kernel_model20build_context_ledgers_0B3_
FN:1391,_RNCNvCsiWPvhcQOJZy_19finger_kernel_model20build_responses_tool0B3_
FN:1393,_RNCNvCsiWPvhcQOJZy_19finger_kernel_model20build_responses_tools0_0B3_
FN:1394,_RNCNvCsiWPvhcQOJZy_19finger_kernel_model20build_responses_tools1_0B3_
FN:1398,_RNCNvCsiWPvhcQOJZy_19finger_kernel_model20build_responses_tools2_0B3_
FN:1392,_RNCNvCsiWPvhcQOJZy_19finger_kernel_model20build_responses_tools_0B3_
FN:1138,_RNCNvCsiWPvhcQOJZy_19finger_kernel_model20extract_string_array0B3_
FN:1868,_RNCNvCsiWPvhcQOJZy_19finger_kernel_model21build_compact_summary0B3_
FN:1986,_RNCNvCsiWPvhcQOJZy_19finger_kernel_model21infer_image_mime_type0B3_
FN:1987,_RNCNvCsiWPvhcQOJZy_19finger_kernel_model21infer_image_mime_types_0B3_
FN:1668,_RNCNvCsiWPvhcQOJZy_19finger_kernel_model22estimate_chars_in_json0B3_
FN:1528,_RNCNvCsiWPvhcQOJZy_19finger_kernel_model22history_contains_block0B3_
FN:1501,_RNCNvCsiWPvhcQOJZy_19finger_kernel_model23normalize_history_items0B3_
FN:1169,_RNCNvCsiWPvhcQOJZy_19finger_kernel_model23parse_responses_payload0B3_
FN:1177,_RNCNvCsiWPvhcQOJZy_19finger_kernel_model23parse_responses_payloads0_0B3_
FN:1183,_RNCNvCsiWPvhcQOJZy_19finger_kernel_model23parse_responses_payloads1_0B3_
FN:1190,_RNCNvCsiWPvhcQOJZy_19finger_kernel_model23parse_responses_payloads2_0B3_
FN:1229,_RNCNvCsiWPvhcQOJZy_19finger_kernel_model23parse_responses_payloads3_0B3_
FN:1174,_RNCNvCsiWPvhcQOJZy_19finger_kernel_model23parse_responses_payloads_0B3_
FN:1369,_RNCNvCsiWPvhcQOJZy_19finger_kernel_model24parse_function_arguments0B3_
FN:1308,_RNCNvCsiWPvhcQOJZy_19finger_kernel_model24parse_function_call_item0B3_
FN:1445,_RNCNvCsiWPvhcQOJZy_19finger_kernel_model24sanitize_model_tool_name0B3_
FN:1558,_RNCNvCsiWPvhcQOJZy_19finger_kernel_model25render_turn_context_block0B3_
FN:1566,_RNCNvCsiWPvhcQOJZy_19finger_kernel_model25render_turn_context_blocks0_0B3_
FN:1567,_RNCNvCsiWPvhcQOJZy_19finger_kernel_model25render_turn_context_blocks1_0B3_
FN:1574,_RNCNvCsiWPvhcQOJZy_19finger_kernel_model25render_turn_context_blocks2_0B3_
FN:1575,_RNCNvCsiWPvhcQOJZy_19finger_kernel_model25render_turn_context_blocks3_0B3_
FN:1582,_RNCNvCsiWPvhcQOJZy_19finger_kernel_model25render_turn_context_blocks4_0B3_
FN:1583,_RNCNvCsiWPvhcQOJZy_19finger_kernel_model25render_turn_context_blocks5_0B3_
FN:1559,_RNCNvCsiWPvhcQOJZy_19finger_kernel_model25render_turn_context_blocks_0B3_
FN:1046,_RNCNvCsiWPvhcQOJZy_19finger_kernel_model28execute_context_ledger_query0B3_
FN:1059,_RNCNvCsiWPvhcQOJZy_19finger_kernel_model28execute_context_ledger_querys0_0B3_
FN:1064,_RNCNvCsiWPvhcQOJZy_19finger_kernel_model28execute_context_ledger_querys1_0B3_
FN:1071,_RNCNvCsiWPvhcQOJZy_19finger_kernel_model28execute_context_ledger_querys2_0B3_
FN:1055,_RNCNvCsiWPvhcQOJZy_19finger_kernel_model28execute_context_ledger_querys_0B3_
FN:1809,_RNCNvCsiWPvhcQOJZy_19finger_kernel_model28is_ledger_focus_history_item0B3_
FN:1975,_RNCNvCsiWPvhcQOJZy_19finger_kernel_model28to_data_url_from_local_image0B3_
FN:1103,_RNCNvCsiWPvhcQOJZy_19finger_kernel_model29execute_context_ledger_insert0B3_
FN:930,_RNCNvCsiWPvhcQOJZy_19finger_kernel_model29should_replay_reasoning_items0B3_
FN:1339,_RNCNvCsiWPvhcQOJZy_19finger_kernel_model30parse_output_text_from_message0B3_
FN:1820,_RNCNvCsiWPvhcQOJZy_19finger_kernel_model30sanitize_compact_cache_summary0B3_
FN:944,_RNCNvCsiWPvhcQOJZy_19finger_kernel_model31filter_history_items_for_replay0B3_
FN:1121,_RNCNvCsiWPvhcQOJZy_19finger_kernel_model9parse_u640B3_
FN:94,_RNCNvMCsiWPvhcQOJZy_19finger_kernel_modelNtB4_19ResponsesChatEngine21complete_with_options0B4_
FN:520,_RNCNvMCsiWPvhcQOJZy_19finger_kernel_modelNtB4_19ResponsesChatEngine22execute_function_calls0B4_
FN:417,_RNCNvMCsiWPvhcQOJZy_19finger_kernel_modelNtB4_19ResponsesChatEngine22send_responses_request0B4_
FN:688,_RNCNvMCsiWPvhcQOJZy_19finger_kernel_modelNtB4_19ResponsesChatEngine24execute_single_tool_call0B4_
FN:1253,_RNvCsiWPvhcQOJZy_19finger_kernel_model11parse_usage
FN:1268,_RNvCsiWPvhcQOJZy_19finger_kernel_model14parse_json_u64
FN:1683,_RNvCsiWPvhcQOJZy_19finger_kernel_model15compact_history
FN:956,_RNvCsiWPvhcQOJZy_19finger_kernel_model17next_progress_seq
FN:1535,_RNvCsiWPvhcQOJZy_19finger_kernel_model18build_text_message
FN:1125,_RNvCsiWPvhcQOJZy_19finger_kernel_model18first_string_field
FN:1026,_RNvCsiWPvhcQOJZy_19finger_kernel_model18safe_append_ledger
FN:1547,_RNvCsiWPvhcQOJZy_19finger_kernel_model18wrap_context_block
FN:1613,_RNvCsiWPvhcQOJZy_19finger_kernel_model19apply_fork_truncate
FN:1460,_RNvCsiWPvhcQOJZy_19finger_kernel_model19build_initial_input
FN:1408,_RNvCsiWPvhcQOJZy_19finger_kernel_model19build_tool_bindings
FN:887,_RNvCsiWPvhcQOJZy_19finger_kernel_model19emit_progress_event
FN:1918,_RNvCsiWPvhcQOJZy_19finger_kernel_model19now_timestamp_local
FN:961,_RNvCsiWPvhcQOJZy_19finger_kernel_model20build_context_ledger
FN:1387,_RNvCsiWPvhcQOJZy_19finger_kernel_model20build_responses_tool
FN:1137,_RNvCsiWPvhcQOJZy_19finger_kernel_model20extract_string_array
FN:1282,_RNvCsiWPvhcQOJZy_19finger_kernel_model20parse_reasoning_text
FN:1839,_RNvCsiWPvhcQOJZy_19finger_kernel_model21build_compact_summary
FN:1829,_RNvCsiWPvhcQOJZy_19finger_kernel_model21extract_context_block
FN:1983,_RNvCsiWPvhcQOJZy_19finger_kernel_model21infer_image_mime_type
FN:1650,_RNvCsiWPvhcQOJZy_19finger_kernel_model22estimate_chars_in_json
FN:1526,_RNvCsiWPvhcQOJZy_19finger_kernel_model22history_contains_block
FN:1498,_RNvCsiWPvhcQOJZy_19finger_kernel_model23normalize_history_items
FN:1149,_RNvCsiWPvhcQOJZy_19finger_kernel_model23parse_responses_payload
FN:893,_RNvCsiWPvhcQOJZy_19finger_kernel_model23should_retry_with_store
FN:1929,_RNvCsiWPvhcQOJZy_19finger_kernel_model24build_user_message_input
FN:1803,_RNvCsiWPvhcQOJZy_19finger_kernel_model24is_filtered_compact_text
FN:1795,_RNvCsiWPvhcQOJZy_19finger_kernel_model24is_initial_context_block
FN:1363,_RNvCsiWPvhcQOJZy_19finger_kernel_model24parse_function_arguments
FN:1304,_RNvCsiWPvhcQOJZy_19finger_kernel_model24parse_function_call_item
FN:1433,_RNvCsiWPvhcQOJZy_19finger_kernel_model24sanitize_model_tool_name
FN:1551,_RNvCsiWPvhcQOJZy_19finger_kernel_model25render_turn_context_block
FN:1451,_RNvCsiWPvhcQOJZy_19finger_kernel_model25resolve_runtime_tool_name
FN:1631,_RNvCsiWPvhcQOJZy_19finger_kernel_model26estimate_tokens_in_history
FN:1506,_RNvCsiWPvhcQOJZy_19finger_kernel_model26maybe_inject_context_block
FN:1372,_RNvCsiWPvhcQOJZy_19finger_kernel_model26normalize_shell_exec_input
FN:1888,_RNvCsiWPvhcQOJZy_19finger_kernel_model27extract_history_time_bounds
FN:1278,_RNvCsiWPvhcQOJZy_19finger_kernel_model27is_api_relevant_output_item
FN:1937,_RNvCsiWPvhcQOJZy_19finger_kernel_model28build_response_input_content
FN:1031,_RNvCsiWPvhcQOJZy_19finger_kernel_model28execute_context_ledger_query
FN:1807,_RNvCsiWPvhcQOJZy_19finger_kernel_model28is_ledger_focus_history_item
FN:921,_RNvCsiWPvhcQOJZy_19finger_kernel_model28responses_with_store_enabled
FN:1973,_RNvCsiWPvhcQOJZy_19finger_kernel_model28to_data_url_from_local_image
FN:1085,_RNvCsiWPvhcQOJZy_19finger_kernel_model29execute_context_ledger_insert
FN:875,_RNvCsiWPvhcQOJZy_19finger_kernel_model29extract_view_image_local_path
FN:929,_RNvCsiWPvhcQOJZy_19finger_kernel_model29should_replay_reasoning_items
FN:952,_RNvCsiWPvhcQOJZy_19finger_kernel_model29strip_reasoning_history_items
FN:1594,_RNvCsiWPvhcQOJZy_19finger_kernel_model30extract_text_from_history_item
FN:1334,_RNvCsiWPvhcQOJZy_19finger_kernel_model30parse_output_text_from_message
FN:1813,_RNvCsiWPvhcQOJZy_19finger_kernel_model30sanitize_compact_cache_summary
FN:938,_RNvCsiWPvhcQOJZy_19finger_kernel_model31filter_history_items_for_replay
FN:913,_RNvCsiWPvhcQOJZy_19finger_kernel_model35should_retry_authentication_failure
FN:1902,_RNvCsiWPvhcQOJZy_19finger_kernel_model36extract_time_label_from_history_item
FN:902,_RNvCsiWPvhcQOJZy_19finger_kernel_model36should_retry_without_reasoning_items
FN:753,_RNvCsiWPvhcQOJZy_19finger_kernel_model37inject_context_ledger_runtime_context
FN:1639,_RNvCsiWPvhcQOJZy_19finger_kernel_model38estimate_tokens_excluding_ledger_focus
FN:1115,_RNvCsiWPvhcQOJZy_19finger_kernel_model9parse_u64
FN:89,_RNvMCsiWPvhcQOJZy_19finger_kernel_modelNtB2_19ResponsesChatEngine21complete_with_options
FN:512,_RNvMCsiWPvhcQOJZy_19finger_kernel_modelNtB2_19ResponsesChatEngine22execute_function_calls
FN:412,_RNvMCsiWPvhcQOJZy_19finger_kernel_modelNtB2_19ResponsesChatEngine22send_responses_request
FN:682,_RNvMCsiWPvhcQOJZy_19finger_kernel_modelNtB2_19ResponsesChatEngine24execute_single_tool_call
FN:62,_RNvMCsiWPvhcQOJZy_19finger_kernel_modelNtB2_19ResponsesChatEngine3new
FN:791,_RNvXs5_CsiWPvhcQOJZy_19finger_kernel_modelNtB5_19ResponsesChatEngineNtCs30PhRqtN4XJ_18finger_kernel_core10ChatEngine8run_turn
FN:1141,_RNCNCNvCsiWPvhcQOJZy_19finger_kernel_model20extract_string_array00B5_
FN:82,_RNCNvMCsiWPvhcQOJZy_19finger_kernel_modelNtB4_19ResponsesChatEngine14complete_items0B4_
FN:82,_RNvMCsiWPvhcQOJZy_19finger_kernel_modelNtB2_19ResponsesChatEngine14complete_items
FNDA:3,_RNCNCNvNtCsiWPvhcQOJZy_19finger_kernel_model5testss_44run_turn_handles_tool_success_false_response00B7_
FNDA:3,_RNCNCNvNtCsiWPvhcQOJZy_19finger_kernel_model5testss_60run_turn_emits_tool_error_progress_when_tool_execution_fails00B7_
FNDA:3,_RNCNvMCsiWPvhcQOJZy_19finger_kernel_modelNtB4_19ResponsesChatEngine13complete_text0B4_
FNDA:1,_RNCNvNtCsiWPvhcQOJZy_19finger_kernel_model5testss_43retries_on_transient_authentication_failure0B5_
FNDA:1,_RNCNvNtCsiWPvhcQOJZy_19finger_kernel_model5testss_44run_turn_handles_tool_success_false_response0B5_
FNDA:1,_RNCNvNtCsiWPvhcQOJZy_19finger_kernel_model5testss_49retries_when_sse_stream_missing_completed_payload0B5_
FNDA:2,_RNCNvNtCsiWPvhcQOJZy_19finger_kernel_model5testss_55strip_reasoning_history_items_removes_reasoning_entries0B5_
FNDA:1,_RNCNvNtCsiWPvhcQOJZy_19finger_kernel_model5testss_60run_turn_emits_tool_error_progress_when_tool_execution_fails0B5_
FNDA:1,_RNCNvNtCsiWPvhcQOJZy_19finger_kernel_model5testss_61run_turn_emits_sequenced_progress_for_multiple_function_calls0B5_
FNDA:1,_RNCNvNtCsiWPvhcQOJZy_19finger_kernel_model5testss_62run_turn_executes_function_call_loop_and_returns_final_message0B5_
FNDA:1,_RNCNvNtCsiWPvhcQOJZy_19finger_kernel_model5testss_65retries_with_store_enabled_when_provider_requires_persisted_items0B5_
FNDA:1,_RNCNvNtCsiWPvhcQOJZy_19finger_kernel_model5testss_67retries_without_reasoning_items_when_provider_rejects_rs_references0B5_
FNDA:3,_RNvMCsiWPvhcQOJZy_19finger_kernel_modelNtB2_19ResponsesChatEngine13complete_text
FNDA:10,_RNvNtCsiWPvhcQOJZy_19finger_kernel_model5tests20extract_progress_seq
FNDA:3,_RNvNtCsiWPvhcQOJZy_19finger_kernel_model5tests21drain_progress_events
FNDA:1,_RNvNtCsiWPvhcQOJZy_19finger_kernel_model5testss_35parse_output_text_trims_empty_parts
FNDA:1,_RNvNtCsiWPvhcQOJZy_19finger_kernel_model5testss_40compact_budget_counts_ledger_focus_block
FNDA:1,_RNvNtCsiWPvhcQOJZy_19finger_kernel_model5testss_41context_ledger_insert_and_query_roundtrip
FNDA:1,_RNvNtCsiWPvhcQOJZy_19finger_kernel_model5testss_43retries_on_transient_authentication_failure
FNDA:1,_RNvNtCsiWPvhcQOJZy_19finger_kernel_model5testss_44run_turn_handles_tool_success_false_response
FNDA:1,_RNvNtCsiWPvhcQOJZy_19finger_kernel_model5testss_45compact_history_reuses_previous_summary_block
FNDA:1,_RNvNtCsiWPvhcQOJZy_19finger_kernel_model5testss_45parse_output_text_empty_when_no_message_items
FNDA:1,_RNvNtCsiWPvhcQOJZy_19finger_kernel_model5testss_45parse_output_text_filters_other_content_types
FNDA:1,_RNvNtCsiWPvhcQOJZy_19finger_kernel_model5testss_45parse_payload_reads_message_text_content_type
FNDA:1,_RNvNtCsiWPvhcQOJZy_19finger_kernel_model5testss_46parse_payload_reads_message_and_function_calls
FNDA:1,_RNvNtCsiWPvhcQOJZy_19finger_kernel_model5testss_47parse_output_text_accumulates_multiple_messages
FNDA:1,_RNvNtCsiWPvhcQOJZy_19finger_kernel_model5testss_48build_response_input_content_maps_text_and_image
FNDA:1,_RNvNtCsiWPvhcQOJZy_19finger_kernel_model5testss_48parse_output_text_excludes_function_call_content
FNDA:1,_RNvNtCsiWPvhcQOJZy_19finger_kernel_model5testss_49retries_when_sse_stream_missing_completed_payload
FNDA:1,_RNvNtCsiWPvhcQOJZy_19finger_kernel_model5testss_50parse_sse_uses_output_items_and_requires_completed
FNDA:1,_RNvNtCsiWPvhcQOJZy_19finger_kernel_model5testss_53context_budget_ignores_large_input_image_payload_size
FNDA:1,_RNvNtCsiWPvhcQOJZy_19finger_kernel_model5testss_55strip_reasoning_history_items_removes_reasoning_entries
FNDA:1,_RNvNtCsiWPvhcQOJZy_19finger_kernel_model5testss_57build_response_input_content_maps_local_image_to_data_url
FNDA:1,_RNvNtCsiWPvhcQOJZy_19finger_kernel_model5testss_60run_turn_emits_tool_error_progress_when_tool_execution_fails
FNDA:1,_RNvNtCsiWPvhcQOJZy_19finger_kernel_model5testss_61run_turn_emits_sequenced_progress_for_multiple_function_calls
FNDA:1,_RNvNtCsiWPvhcQOJZy_19finger_kernel_model5testss_62run_turn_executes_function_call_loop_and_returns_final_message
FNDA:1,_RNvNtCsiWPvhcQOJZy_19finger_kernel_model5testss_63initial_context_block_detection_includes_developer_instructions
FNDA:1,_RNvNtCsiWPvhcQOJZy_19finger_kernel_model5testss_65retries_with_store_enabled_when_provider_requires_persisted_items
FNDA:1,_RNvNtCsiWPvhcQOJZy_19finger_kernel_model5testss_66compact_history_filters_prompt_blocks_and_preserves_timeline_order
FNDA:1,_RNvNtCsiWPvhcQOJZy_19finger_kernel_model5testss_66should_disable_reasoning_replay_when_encrypted_content_is_disabled
FNDA:1,_RNvNtCsiWPvhcQOJZy_19finger_kernel_model5testss_67retries_without_reasoning_items_when_provider_rejects_rs_references
FNDA:1,_RNvNtCsiWPvhcQOJZy_19finger_kernel_model5testss_69build_initial_input_partitions_context_into_developer_and_user_blocks
FNDA:1,_RNCNCNvCsiWPvhcQOJZy_19finger_kernel_model18first_string_field00B5_
FNDA:0,_RNCNCNvCsiWPvhcQOJZy_19finger_kernel_model20build_context_ledgers6_00B5_
FNDA:0,_RNCNCNvCsiWPvhcQOJZy_19finger_kernel_model20build_context_ledgers6_0s_0B5_
FNDA:1,_RNCNCNvCsiWPvhcQOJZy_19finger_kernel_model20extract_string_array0s_0B5_
FNDA:6,_RNCNCNvCsiWPvhcQOJZy_19finger_kernel_model22history_contains_block00B5_
FNDA:19,_RNCNCNvCsiWPvhcQOJZy_19finger_kernel_model30parse_output_text_from_message00B5_
FNDA:17,_RNCNCNvCsiWPvhcQOJZy_19finger_kernel_model30parse_output_text_from_message0s0_0B5_
FNDA:19,_RNCNCNvCsiWPvhcQOJZy_19finger_kernel_model30parse_output_text_from_message0s_0B5_
FNDA:0,_RNCNCNvMCsiWPvhcQOJZy_19finger_kernel_modelNtB6_19ResponsesChatEngine21complete_with_options0s1_0B6_
FNDA:8,_RNCNCNvMCsiWPvhcQOJZy_19finger_kernel_modelNtB6_19ResponsesChatEngine21complete_with_options0s2_0B6_
FNDA:0,_RNCNCNvMCsiWPvhcQOJZy_19finger_kernel_modelNtB6_19ResponsesChatEngine21complete_with_options0s3_0B6_
FNDA:0,_RNCNCNvMCsiWPvhcQOJZy_19finger_kernel_modelNtB6_19ResponsesChatEngine21complete_with_options0s4_0B6_
FNDA:0,_RNCNCNvMCsiWPvhcQOJZy_19finger_kernel_modelNtB6_19ResponsesChatEngine24execute_single_tool_call00B6_
FNDA:0,_RNCNCNvMCsiWPvhcQOJZy_19finger_kernel_modelNtB6_19ResponsesChatEngine24execute_single_tool_call0s_0B6_
FNDA:5,_RNCNCNvXs5_CsiWPvhcQOJZy_19finger_kernel_modelNtB9_19ResponsesChatEngineNtCs30PhRqtN4XJ_18finger_kernel_core10ChatEngine8run_turn00B9_
FNDA:0,_RNCNCNvXs5_CsiWPvhcQOJZy_19finger_kernel_modelNtB9_19ResponsesChatEngineNtCs30PhRqtN4XJ_18finger_kernel_core10ChatEngine8run_turn0s_0B9_
FNDA:0,_RNCNvCsiWPvhcQOJZy_19finger_kernel_model14parse_json_u640B3_
FNDA:0,_RNCNvCsiWPvhcQOJZy_19finger_kernel_model15compact_historys0_0B3_
FNDA:0,_RNCNvCsiWPvhcQOJZy_19finger_kernel_model15compact_historys1_0B3_
FNDA:0,_RNCNvCsiWPvhcQOJZy_19finger_kernel_model15compact_historys2_0B3_
FNDA:0,_RNCNvCsiWPvhcQOJZy_19finger_kernel_model15compact_historys3_0B3_
FNDA:4,_RNCNvCsiWPvhcQOJZy_19finger_kernel_model15compact_historys4_0B3_
FNDA:0,_RNCNvCsiWPvhcQOJZy_19finger_kernel_model15compact_historys_0B3_
FNDA:9,_RNCNvCsiWPvhcQOJZy_19finger_kernel_model18first_string_field0B3_
FNDA:0,_RNCNvCsiWPvhcQOJZy_19finger_kernel_model19now_timestamp_local0B3_
FNDA:1,_RNCNvCsiWPvhcQOJZy_19finger_kernel_model20build_context_ledger0B3_
FNDA:1,_RNCNvCsiWPvhcQOJZy_19finger_kernel_model20build_context_ledgers0_0B3_
FNDA:1,_RNCNvCsiWPvhcQOJZy_19finger_kernel_model20build_context_ledgers1_0B3_
FNDA:1,_RNCNvCsiWPvhcQOJZy_19finger_kernel_model20build_context_ledgers2_0B3_
FNDA:1,_RNCNvCsiWPvhcQOJZy_19finger_kernel_model20build_context_ledgers3_0B3_
FNDA:1,_RNCNvCsiWPvhcQOJZy_19finger_kernel_model20build_context_ledgers4_0B3_
FNDA:1,_RNCNvCsiWPvhcQOJZy_19finger_kernel_model20build_context_ledgers5_0B3_
FNDA:0,_RNCNvCsiWPvhcQOJZy_19finger_kernel_model20build_context_ledgers6_0B3_
FNDA:1,_RNCNvCsiWPvhcQOJZy_19finger_kernel_model20build_context_ledgers7_0B3_
FNDA:1,_RNCNvCsiWPvhcQOJZy_19finger_kernel_model20build_context_ledgers8_0B3_
FNDA:1,_RNCNvCsiWPvhcQOJZy_19finger_kernel_model20build_context_ledgers9_0B3_
FNDA:1,_RNCNvCsiWPvhcQOJZy_19finger_kernel_model20build_context_ledgers_0B3_
FNDA:8,_RNCNvCsiWPvhcQOJZy_19finger_kernel_model20build_responses_tool0B3_
FNDA:8,_RNCNvCsiWPvhcQOJZy_19finger_kernel_model20build_responses_tools0_0B3_
FNDA:0,_RNCNvCsiWPvhcQOJZy_19finger_kernel_model20build_responses_tools1_0B3_
FNDA:0,_RNCNvCsiWPvhcQOJZy_19finger_kernel_model20build_responses_tools2_0B3_
FNDA:8,_RNCNvCsiWPvhcQOJZy_19finger_kernel_model20build_responses_tools_0B3_
FNDA:1,_RNCNvCsiWPvhcQOJZy_19finger_kernel_model20extract_string_array0B3_
FNDA:1,_RNCNvCsiWPvhcQOJZy_19finger_kernel_model21build_compact_summary0B3_
FNDA:1,_RNCNvCsiWPvhcQOJZy_19finger_kernel_model21infer_image_mime_type0B3_
FNDA:1,_RNCNvCsiWPvhcQOJZy_19finger_kernel_model21infer_image_mime_types_0B3_
FNDA:510,_RNCNvCsiWPvhcQOJZy_19finger_kernel_model22estimate_chars_in_json0B3_
FNDA:6,_RNCNvCsiWPvhcQOJZy_19finger_kernel_model22history_contains_block0B3_
FNDA:1,_RNCNvCsiWPvhcQOJZy_19finger_kernel_model23normalize_history_items0B3_
FNDA:0,_RNCNvCsiWPvhcQOJZy_19finger_kernel_model23parse_responses_payload0B3_
FNDA:0,_RNCNvCsiWPvhcQOJZy_19finger_kernel_model23parse_responses_payloads0_0B3_
FNDA:20,_RNCNvCsiWPvhcQOJZy_19finger_kernel_model23parse_responses_payloads1_0B3_
FNDA:0,_RNCNvCsiWPvhcQOJZy_19finger_kernel_model23parse_responses_payloads2_0B3_
FNDA:12,_RNCNvCsiWPvhcQOJZy_19finger_kernel_model23parse_responses_payloads3_0B3_
FNDA:0,_RNCNvCsiWPvhcQOJZy_19finger_kernel_model23parse_responses_payloads_0B3_
FNDA:0,_RNCNvCsiWPvhcQOJZy_19finger_kernel_model24parse_function_arguments0B3_
FNDA:1,_RNCNvCsiWPvhcQOJZy_19finger_kernel_model24parse_function_call_item0B3_
FNDA:4,_RNCNvCsiWPvhcQOJZy_19finger_kernel_model24sanitize_model_tool_name0B3_
FNDA:1,_RNCNvCsiWPvhcQOJZy_19finger_kernel_model25render_turn_context_block0B3_
FNDA:1,_RNCNvCsiWPvhcQOJZy_19finger_kernel_model25render_turn_context_blocks0_0B3_
FNDA:1,_RNCNvCsiWPvhcQOJZy_19finger_kernel_model25render_turn_context_blocks1_0B3_
FNDA:1,_RNCNvCsiWPvhcQOJZy_19finger_kernel_model25render_turn_context_blocks2_0B3_
FNDA:1,_RNCNvCsiWPvhcQOJZy_19finger_kernel_model25render_turn_context_blocks3_0B3_
FNDA:1,_RNCNvCsiWPvhcQOJZy_19finger_kernel_model25render_turn_context_blocks4_0B3_
FNDA:1,_RNCNvCsiWPvhcQOJZy_19finger_kernel_model25render_turn_context_blocks5_0B3_
FNDA:1,_RNCNvCsiWPvhcQOJZy_19finger_kernel_model25render_turn_context_blocks_0B3_
FNDA:1,_RNCNvCsiWPvhcQOJZy_19finger_kernel_model28execute_context_ledger_query0B3_
FNDA:1,_RNCNvCsiWPvhcQOJZy_19finger_kernel_model28execute_context_ledger_querys0_0B3_
FNDA:0,_RNCNvCsiWPvhcQOJZy_19finger_kernel_model28execute_context_ledger_querys1_0B3_
FNDA:0,_RNCNvCsiWPvhcQOJZy_19finger_kernel_model28execute_context_ledger_querys2_0B3_
FNDA:1,_RNCNvCsiWPvhcQOJZy_19finger_kernel_model28execute_context_ledger_querys_0B3_
FNDA:38,_RNCNvCsiWPvhcQOJZy_19finger_kernel_model28is_ledger_focus_history_item0B3_
FNDA:0,_RNCNvCsiWPvhcQOJZy_19finger_kernel_model28to_data_url_from_local_image0B3_
FNDA:0,_RNCNvCsiWPvhcQOJZy_19finger_kernel_model29execute_context_ledger_insert0B3_
FNDA:2,_RNCNvCsiWPvhcQOJZy_19finger_kernel_model29should_replay_reasoning_items0B3_
FNDA:20,_RNCNvCsiWPvhcQOJZy_19finger_kernel_model30parse_output_text_from_message0B3_
FNDA:1,_RNCNvCsiWPvhcQOJZy_19finger_kernel_model30sanitize_compact_cache_summary0B3_
FNDA:18,_RNCNvCsiWPvhcQOJZy_19finger_kernel_model31filter_history_items_for_replay0B3_
FNDA:0,_RNCNvCsiWPvhcQOJZy_19finger_kernel_model9parse_u640B3_
FNDA:8,_RNCNvMCsiWPvhcQOJZy_19finger_kernel_modelNtB4_19ResponsesChatEngine21complete_with_options0B4_
FNDA:4,_RNCNvMCsiWPvhcQOJZy_19finger_kernel_modelNtB4_19ResponsesChatEngine22execute_function_calls0B4_
FNDA:12,_RNCNvMCsiWPvhcQOJZy_19finger_kernel_modelNtB4_19ResponsesChatEngine22send_responses_request0B4_
FNDA:5,_RNCNvMCsiWPvhcQOJZy_19finger_kernel_modelNtB4_19ResponsesChatEngine24execute_single_tool_call0B4_
FNDA:20,_RNvCsiWPvhcQOJZy_19finger_kernel_model11parse_usage
FNDA:0,_RNvCsiWPvhcQOJZy_19finger_kernel_model14parse_json_u64
FNDA:2,_RNvCsiWPvhcQOJZy_19finger_kernel_model15compact_history
FNDA:22,_RNvCsiWPvhcQOJZy_19finger_kernel_model17next_progress_seq
FNDA:4,_RNvCsiWPvhcQOJZy_19finger_kernel_model18build_text_message
FNDA:5,_RNvCsiWPvhcQOJZy_19finger_kernel_model18first_string_field
FNDA:0,_RNvCsiWPvhcQOJZy_19finger_kernel_model18safe_append_ledger
FNDA:6,_RNvCsiWPvhcQOJZy_19finger_kernel_model18wrap_context_block
FNDA:0,_RNvCsiWPvhcQOJZy_19finger_kernel_model19apply_fork_truncate
FNDA:9,_RNvCsiWPvhcQOJZy_19finger_kernel_model19build_initial_input
FNDA:8,_RNvCsiWPvhcQOJZy_19finger_kernel_model19build_tool_bindings
FNDA:22,_RNvCsiWPvhcQOJZy_19finger_kernel_model19emit_progress_event
FNDA:2,_RNvCsiWPvhcQOJZy_19finger_kernel_model19now_timestamp_local
FNDA:14,_RNvCsiWPvhcQOJZy_19finger_kernel_model20build_context_ledger
FNDA:8,_RNvCsiWPvhcQOJZy_19finger_kernel_model20build_responses_tool
FNDA:1,_RNvCsiWPvhcQOJZy_19finger_kernel_model20extract_string_array
FNDA:0,_RNvCsiWPvhcQOJZy_19finger_kernel_model20parse_reasoning_text
FNDA:2,_RNvCsiWPvhcQOJZy_19finger_kernel_model21build_compact_summary
FNDA:4,_RNvCsiWPvhcQOJZy_19finger_kernel_model21extract_context_block
FNDA:1,_RNvCsiWPvhcQOJZy_19finger_kernel_model21infer_image_mime_type
FNDA:724,_RNvCsiWPvhcQOJZy_19finger_kernel_model22estimate_chars_in_json
FNDA:4,_RNvCsiWPvhcQOJZy_19finger_kernel_model22history_contains_block
FNDA:9,_RNvCsiWPvhcQOJZy_19finger_kernel_model23normalize_history_items
FNDA:20,_RNvCsiWPvhcQOJZy_19finger_kernel_model23parse_responses_payload
FNDA:2,_RNvCsiWPvhcQOJZy_19finger_kernel_model23should_retry_with_store
FNDA:9,_RNvCsiWPvhcQOJZy_19finger_kernel_model24build_user_message_input
FNDA:7,_RNvCsiWPvhcQOJZy_19finger_kernel_model24is_filtered_compact_text
FNDA:12,_RNvCsiWPvhcQOJZy_19finger_kernel_model24is_initial_context_block
FNDA:12,_RNvCsiWPvhcQOJZy_19finger_kernel_model24parse_function_arguments
FNDA:9,_RNvCsiWPvhcQOJZy_19finger_kernel_model24parse_function_call_item
FNDA:4,_RNvCsiWPvhcQOJZy_19finger_kernel_model24sanitize_model_tool_name
FNDA:9,_RNvCsiWPvhcQOJZy_19finger_kernel_model25render_turn_context_block
FNDA:5,_RNvCsiWPvhcQOJZy_19finger_kernel_model25resolve_runtime_tool_name
FNDA:23,_RNvCsiWPvhcQOJZy_19finger_kernel_model26estimate_tokens_in_history
[...]
DA:2966,1
DA:2967,1
DA:2970,1
DA:2971,1
DA:2973,1
DA:2974,1
DA:2975,1
DA:2976,1
DA:2977,1
DA:2978,1
DA:2979,1
DA:2980,1
DA:2981,1
DA:2982,1
DA:2983,1
DA:2984,1
DA:2986,1
DA:2987,1
DA:2988,1
DA:2989,1
DA:2990,1
DA:2991,1
DA:2992,1
DA:2993,1
DA:2994,1
DA:2995,1
DA:2997,1
DA:2998,1
DA:2999,1
DA:3000,1
DA:3001,1
DA:3002,1
DA:3003,1
DA:3004,1
DA:3005,1
DA:3006,1
DA:3007,1
DA:3008,1
DA:3009,1
DA:3010,1
DA:3012,1
DA:3013,1
DA:3014,1
DA:3015,1
DA:3016,1
DA:3017,1
DA:3018,1
DA:3019,1
DA:3020,1
DA:3021,1
DA:3022,1
DA:3024,1
DA:3025,1
DA:3026,1
DA:3027,1
DA:3028,1
DA:3029,1
DA:3030,1
DA:3031,1
DA:3032,1
DA:3033,1
DA:3034,1
DA:3035,1
DA:3036,1
DA:3037,1
DA:3038,1
DA:3039,1
DA:3040,1
DA:3041,1
DA:3042,1
DA:3043,1
DA:3044,1
DA:3045,1
DA:3046,1
DA:3047,1
DA:3048,1
DA:3049,1
DA:3050,1
DA:3051,1
DA:3052,1
DA:3053,1
DA:3057,1
DA:3058,3
DA:3059,1
DA:3060,2
DA:3061,3
DA:3062,1
DA:3063,1
DA:3064,1
DA:3065,1
DA:3067,1
DA:3068,1
DA:3069,1
DA:3070,1
DA:3071,1
DA:3073,1
DA:3074,1
DA:3075,1
DA:3076,1
DA:3078,3
DA:3079,3
DA:3080,17
DA:3081,14
DA:3082,14
DA:3083,3
DA:3084,3
DA:3086,10
DA:3087,10
DA:3088,4
DA:3089,3
DA:3090,2
DA:3091,1
DA:3092,0
DA:3094,10
DA:3099,1
DA:3101,1
DA:3102,1
DA:3103,1
DA:3104,1
DA:3106,1
DA:3107,1
DA:3108,1
DA:3112,1
DA:3113,1
DA:3114,1
DA:3115,1
DA:3120,1
DA:3122,1
DA:3124,1
DA:3125,1
DA:3126,1
DA:3129,1
DA:3131,1
DA:3132,1
DA:3133,1
DA:3135,1
DA:3136,1
DA:3137,1
DA:3141,1
DA:3142,1
DA:3143,1
DA:3144,1
DA:3147,1
DA:3148,1
DA:3149,1
DA:3152,1
DA:3153,1
DA:3154,1
DA:3160,1
DA:3162,1
DA:3163,1
DA:3166,1
DA:3168,1
DA:3169,1
DA:3170,1
DA:3172,1
DA:3173,1
DA:3174,1
DA:3175,1
DA:3176,1
DA:3182,1
DA:3184,1
DA:3185,1
DA:3188,1
DA:3190,1
DA:3191,1
DA:3192,1
DA:3194,1
DA:3195,1
DA:3196,1
DA:3197,1
DA:3202,1
DA:3203,1
DA:3204,1
DA:3205,1
DA:3208,1
DA:3210,1
DA:3211,1
DA:3212,1
DA:3214,1
DA:3215,1
DA:3216,1
DA:3217,1
DA:3218,1
DA:3224,1
DA:3225,1
DA:3226,1
BRF:0
BRH:0
LF:2677
LH:2243
end_of_record
SF:/Volumes/extension/code/finger/rust/kernel-model/src/protocol/request.rs
FN:192,_RNCNCNvNtNtNtCsiWPvhcQOJZy_19finger_kernel_model8protocol7request5testss_65payload_defaults_to_streaming_and_enables_reasoning_text_controlss5_00Bb_
FN:226,_RNCNvNtNtNtCsiWPvhcQOJZy_19finger_kernel_model8protocol7request5testss_43payload_respects_switches_and_custom_values0B9_
FN:235,_RNCNvNtNtNtCsiWPvhcQOJZy_19finger_kernel_model8protocol7request5testss_43payload_respects_switches_and_custom_valuess0_0B9_
FN:236,_RNCNvNtNtNtCsiWPvhcQOJZy_19finger_kernel_model8protocol7request5testss_43payload_respects_switches_and_custom_valuess1_0B9_
FN:242,_RNCNvNtNtNtCsiWPvhcQOJZy_19finger_kernel_model8protocol7request5testss_43payload_respects_switches_and_custom_valuess2_0B9_
FN:243,_RNCNvNtNtNtCsiWPvhcQOJZy_19finger_kernel_model8protocol7request5testss_43payload_respects_switches_and_custom_valuess3_0B9_
FN:244,_RNCNvNtNtNtCsiWPvhcQOJZy_19finger_kernel_model8protocol7request5testss_43payload_respects_switches_and_custom_valuess4_0B9_
FN:250,_RNCNvNtNtNtCsiWPvhcQOJZy_19finger_kernel_model8protocol7request5testss_43payload_respects_switches_and_custom_valuess5_0B9_
FN:251,_RNCNvNtNtNtCsiWPvhcQOJZy_19finger_kernel_model8protocol7request5testss_43payload_respects_switches_and_custom_valuess6_0B9_
FN:228,_RNCNvNtNtNtCsiWPvhcQOJZy_19finger_kernel_model8protocol7request5testss_43payload_respects_switches_and_custom_valuess_0B9_
FN:170,_RNCNvNtNtNtCsiWPvhcQOJZy_19finger_kernel_model8protocol7request5testss_65payload_defaults_to_streaming_and_enables_reasoning_text_controls0B9_
FN:176,_RNCNvNtNtNtCsiWPvhcQOJZy_19finger_kernel_model8protocol7request5testss_65payload_defaults_to_streaming_and_enables_reasoning_text_controlss0_0B9_
FN:177,_RNCNvNtNtNtCsiWPvhcQOJZy_19finger_kernel_model8protocol7request5testss_65payload_defaults_to_streaming_and_enables_reasoning_text_controlss1_0B9_
FN:183,_RNCNvNtNtNtCsiWPvhcQOJZy_19finger_kernel_model8protocol7request5testss_65payload_defaults_to_streaming_and_enables_reasoning_text_controlss2_0B9_
FN:184,_RNCNvNtNtNtCsiWPvhcQOJZy_19finger_kernel_model8protocol7request5testss_65payload_defaults_to_streaming_and_enables_reasoning_text_controlss3_0B9_
FN:189,_RNCNvNtNtNtCsiWPvhcQOJZy_19finger_kernel_model8protocol7request5testss_65payload_defaults_to_streaming_and_enables_reasoning_text_controlss4_0B9_
FN:190,_RNCNvNtNtNtCsiWPvhcQOJZy_19finger_kernel_model8protocol7request5testss_65payload_defaults_to_streaming_and_enables_reasoning_text_controlss5_0B9_
FN:194,_RNCNvNtNtNtCsiWPvhcQOJZy_19finger_kernel_model8protocol7request5testss_65payload_defaults_to_streaming_and_enables_reasoning_text_controlss6_0B9_
FN:171,_RNCNvNtNtNtCsiWPvhcQOJZy_19finger_kernel_model8protocol7request5testss_65payload_defaults_to_streaming_and_enables_reasoning_text_controlss_0B9_
FN:275,_RNCNvNtNtNtCsiWPvhcQOJZy_19finger_kernel_model8protocol7request5testss_65payload_forces_store_when_reasoning_encrypted_content_is_disabled0B9_
FN:200,_RNvNtNtNtCsiWPvhcQOJZy_19finger_kernel_model8protocol7request5testss_43payload_respects_switches_and_custom_values
FN:159,_RNvNtNtNtCsiWPvhcQOJZy_19finger_kernel_model8protocol7request5testss_65payload_defaults_to_streaming_and_enables_reasoning_text_controls
FN:257,_RNvNtNtNtCsiWPvhcQOJZy_19finger_kernel_model8protocol7request5testss_65payload_forces_store_when_reasoning_encrypted_content_is_disabled
FN:135,_RNCNvNtNtCsiWPvhcQOJZy_19finger_kernel_model8protocol7request17normalized_option0B7_
FN:136,_RNCNvNtNtCsiWPvhcQOJZy_19finger_kernel_model8protocol7request17normalized_options_0B7_
FN:128,_RNCNvNtNtCsiWPvhcQOJZy_19finger_kernel_model8protocol7request19push_unique_include0B7_
FN:20,_RNCNvNtNtCsiWPvhcQOJZy_19finger_kernel_model8protocol7request31build_responses_request_payload0B7_
FN:34,_RNCNvNtNtCsiWPvhcQOJZy_19finger_kernel_model8protocol7request31build_responses_request_payloads3_0B7_
FN:52,_RNCNvNtNtCsiWPvhcQOJZy_19finger_kernel_model8protocol7request31build_responses_request_payloads4_0B7_
FN:57,_RNCNvNtNtCsiWPvhcQOJZy_19finger_kernel_model8protocol7request31build_responses_request_payloads5_0B7_
FN:68,_RNCNvNtNtCsiWPvhcQOJZy_19finger_kernel_model8protocol7request31build_responses_request_payloads7_0B7_
FN:69,_RNCNvNtNtCsiWPvhcQOJZy_19finger_kernel_model8protocol7request31build_responses_request_payloads8_0B7_
FN:71,_RNCNvNtNtCsiWPvhcQOJZy_19finger_kernel_model8protocol7request31build_responses_request_payloads9_0B7_
FN:21,_RNCNvNtNtCsiWPvhcQOJZy_19finger_kernel_model8protocol7request31build_responses_request_payloads_0B7_
FN:72,_RNCNvNtNtCsiWPvhcQOJZy_19finger_kernel_model8protocol7request31build_responses_request_payloadsa_0B7_
FN:79,_RNCNvNtNtCsiWPvhcQOJZy_19finger_kernel_model8protocol7request31build_responses_request_payloadsb_0B7_
FN:83,_RNCNvNtNtCsiWPvhcQOJZy_19finger_kernel_model8protocol7request31build_responses_request_payloadsd_0B7_
FN:84,_RNCNvNtNtCsiWPvhcQOJZy_19finger_kernel_model8protocol7request31build_responses_request_payloadse_0B7_
FN:87,_RNCNvNtNtCsiWPvhcQOJZy_19finger_kernel_model8protocol7request31build_responses_request_payloadsf_0B7_
FN:103,_RNCNvNtNtCsiWPvhcQOJZy_19finger_kernel_model8protocol7request31build_responses_request_payloadsg_0B7_
FN:134,_RNvNtNtCsiWPvhcQOJZy_19finger_kernel_model8protocol7request17normalized_option
FN:127,_RNvNtNtCsiWPvhcQOJZy_19finger_kernel_model8protocol7request19push_unique_include
FN:111,_RNvNtNtCsiWPvhcQOJZy_19finger_kernel_model8protocol7request21sanitize_include_list
FN:140,_RNvNtNtCsiWPvhcQOJZy_19finger_kernel_model8protocol7request27is_azure_responses_endpoint
FN:11,_RNvNtNtCsiWPvhcQOJZy_19finger_kernel_model8protocol7request31build_responses_request_payload
FNDA:1,_RNCNCNvNtNtNtCsiWPvhcQOJZy_19finger_kernel_model8protocol7request5testss_65payload_defaults_to_streaming_and_enables_reasoning_text_controlss5_00Bb_
FNDA:1,_RNCNvNtNtNtCsiWPvhcQOJZy_19finger_kernel_model8protocol7request5testss_43payload_respects_switches_and_custom_values0B9_
FNDA:1,_RNCNvNtNtNtCsiWPvhcQOJZy_19finger_kernel_model8protocol7request5testss_43payload_respects_switches_and_custom_valuess0_0B9_
FNDA:1,_RNCNvNtNtNtCsiWPvhcQOJZy_19finger_kernel_model8protocol7request5testss_43payload_respects_switches_and_custom_valuess1_0B9_
FNDA:1,_RNCNvNtNtNtCsiWPvhcQOJZy_19finger_kernel_model8protocol7request5testss_43payload_respects_switches_and_custom_valuess2_0B9_
FNDA:1,_RNCNvNtNtNtCsiWPvhcQOJZy_19finger_kernel_model8protocol7request5testss_43payload_respects_switches_and_custom_valuess3_0B9_
FNDA:1,_RNCNvNtNtNtCsiWPvhcQOJZy_19finger_kernel_model8protocol7request5testss_43payload_respects_switches_and_custom_valuess4_0B9_
FNDA:1,_RNCNvNtNtNtCsiWPvhcQOJZy_19finger_kernel_model8protocol7request5testss_43payload_respects_switches_and_custom_valuess5_0B9_
FNDA:1,_RNCNvNtNtNtCsiWPvhcQOJZy_19finger_kernel_model8protocol7request5testss_43payload_respects_switches_and_custom_valuess6_0B9_
FNDA:1,_RNCNvNtNtNtCsiWPvhcQOJZy_19finger_kernel_model8protocol7request5testss_43payload_respects_switches_and_custom_valuess_0B9_
FNDA:1,_RNCNvNtNtNtCsiWPvhcQOJZy_19finger_kernel_model8protocol7request5testss_65payload_defaults_to_streaming_and_enables_reasoning_text_controls0B9_
FNDA:1,_RNCNvNtNtNtCsiWPvhcQOJZy_19finger_kernel_model8protocol7request5testss_65payload_defaults_to_streaming_and_enables_reasoning_text_controlss0_0B9_
FNDA:1,_RNCNvNtNtNtCsiWPvhcQOJZy_19finger_kernel_model8protocol7request5testss_65payload_defaults_to_streaming_and_enables_reasoning_text_controlss1_0B9_
FNDA:1,_RNCNvNtNtNtCsiWPvhcQOJZy_19finger_kernel_model8protocol7request5testss_65payload_defaults_to_streaming_and_enables_reasoning_text_controlss2_0B9_
FNDA:1,_RNCNvNtNtNtCsiWPvhcQOJZy_19finger_kernel_model8protocol7request5testss_65payload_defaults_to_streaming_and_enables_reasoning_text_controlss3_0B9_
FNDA:1,_RNCNvNtNtNtCsiWPvhcQOJZy_19finger_kernel_model8protocol7request5testss_65payload_defaults_to_streaming_and_enables_reasoning_text_controlss4_0B9_
FNDA:1,_RNCNvNtNtNtCsiWPvhcQOJZy_19finger_kernel_model8protocol7request5testss_65payload_defaults_to_streaming_and_enables_reasoning_text_controlss5_0B9_
FNDA:1,_RNCNvNtNtNtCsiWPvhcQOJZy_19finger_kernel_model8protocol7request5testss_65payload_defaults_to_streaming_and_enables_reasoning_text_controlss6_0B9_
FNDA:1,_RNCNvNtNtNtCsiWPvhcQOJZy_19finger_kernel_model8protocol7request5testss_65payload_defaults_to_streaming_and_enables_reasoning_text_controlss_0B9_
FNDA:1,_RNCNvNtNtNtCsiWPvhcQOJZy_19finger_kernel_model8protocol7request5testss_65payload_forces_store_when_reasoning_encrypted_content_is_disabled0B9_
FNDA:1,_RNvNtNtNtCsiWPvhcQOJZy_19finger_kernel_model8protocol7request5testss_43payload_respects_switches_and_custom_values
FNDA:1,_RNvNtNtNtCsiWPvhcQOJZy_19finger_kernel_model8protocol7request5testss_65payload_defaults_to_streaming_and_enables_reasoning_text_controls
FNDA:1,_RNvNtNtNtCsiWPvhcQOJZy_19finger_kernel_model8protocol7request5testss_65payload_forces_store_when_reasoning_encrypted_content_is_disabled
FNDA:3,_RNCNvNtNtCsiWPvhcQOJZy_19finger_kernel_model8protocol7request17normalized_option0B7_
FNDA:3,_RNCNvNtNtCsiWPvhcQOJZy_19finger_kernel_model8protocol7request17normalized_options_0B7_
FNDA:0,_RNCNvNtNtCsiWPvhcQOJZy_19finger_kernel_model8protocol7request19push_unique_include0B7_
FNDA:5,_RNCNvNtNtCsiWPvhcQOJZy_19finger_kernel_model8protocol7request31build_responses_request_payload0B7_
FNDA:14,_RNCNvNtNtCsiWPvhcQOJZy_19finger_kernel_model8protocol7request31build_responses_request_payloads3_0B7_
FNDA:3,_RNCNvNtNtCsiWPvhcQOJZy_19finger_kernel_model8protocol7request31build_responses_request_payloads4_0B7_
FNDA:9,_RNCNvNtNtCsiWPvhcQOJZy_19finger_kernel_model8protocol7request31build_responses_request_payloads5_0B7_
FNDA:1,_RNCNvNtNtCsiWPvhcQOJZy_19finger_kernel_model8protocol7request31build_responses_request_payloads7_0B7_
FNDA:16,_RNCNvNtNtCsiWPvhcQOJZy_19finger_kernel_model8protocol7request31build_responses_request_payloads8_0B7_
FNDA:1,_RNCNvNtNtCsiWPvhcQOJZy_19finger_kernel_model8protocol7request31build_responses_request_payloads9_0B7_
FNDA:5,_RNCNvNtNtCsiWPvhcQOJZy_19finger_kernel_model8protocol7request31build_responses_request_payloads_0B7_
FNDA:16,_RNCNvNtNtCsiWPvhcQOJZy_19finger_kernel_model8protocol7request31build_responses_request_payloadsa_0B7_
FNDA:5,_RNCNvNtNtCsiWPvhcQOJZy_19finger_kernel_model8protocol7request31build_responses_request_payloadsb_0B7_
FNDA:1,_RNCNvNtNtCsiWPvhcQOJZy_19finger_kernel_model8protocol7request31build_responses_request_payloadsd_0B7_
FNDA:17,_RNCNvNtNtCsiWPvhcQOJZy_19finger_kernel_model8protocol7request31build_responses_request_payloadse_0B7_
FNDA:1,_RNCNvNtNtCsiWPvhcQOJZy_19finger_kernel_model8protocol7request31build_responses_request_payloadsf_0B7_
FNDA:2,_RNCNvNtNtCsiWPvhcQOJZy_19finger_kernel_model8protocol7request31build_responses_request_payloadsg_0B7_
FNDA:3,_RNvNtNtCsiWPvhcQOJZy_19finger_kernel_model8protocol7request17normalized_option
FNDA:16,_RNvNtNtCsiWPvhcQOJZy_19finger_kernel_model8protocol7request19push_unique_include
FNDA:18,_RNvNtNtCsiWPvhcQOJZy_19finger_kernel_model8protocol7request21sanitize_include_list
FNDA:13,_RNvNtNtCsiWPvhcQOJZy_19finger_kernel_model8protocol7request27is_azure_responses_endpoint
FNDA:18,_RNvNtNtCsiWPvhcQOJZy_19finger_kernel_model8protocol7request31build_responses_request_payload
FNF:45
FNH:44
DA:11,18
DA:12,18
DA:13,18
DA:14,18
DA:15,18
DA:16,18
DA:17,18
DA:18,18
DA:19,18
DA:20,18
DA:21,18
DA:22,18
DA:23,18
DA:24,18
DA:25,18
DA:26,18
DA:27,16
DA:28,16
DA:29,16
DA:30,16
DA:31,16
DA:32,18
DA:33,18
DA:34,18
DA:35,14
DA:36,1
DA:38,13
DA:40,14
DA:42,18
DA:43,18
DA:44,18
DA:45,18
DA:46,18
DA:47,18
DA:50,18
DA:51,18
DA:52,18
DA:53,3
DA:54,3
DA:55,15
DA:57,18
DA:58,9
DA:59,9
DA:60,9
DA:61,9
DA:62,9
DA:63,9
DA:64,9
DA:66,18
DA:67,17
DA:68,17
DA:69,17
DA:70,17
DA:71,17
DA:72,17
DA:73,17
DA:74,17
DA:75,17
DA:77,1
DA:79,18
DA:80,18
DA:81,18
DA:82,18
DA:83,18
DA:84,18
DA:85,18
DA:86,18
DA:87,18
DA:88,1
DA:89,1
DA:90,1
DA:91,1
DA:92,1
DA:93,1
DA:94,1
DA:95,1
DA:96,1
DA:97,17
DA:98,18
DA:99,0
DA:101,18
DA:102,18
DA:103,18
DA:104,2
DA:105,2
DA:106,16
DA:108,18
DA:109,18
DA:111,18
DA:112,18
DA:113,13
DA:115,5
DA:116,5
DA:117,5
DA:118,1
DA:119,1
DA:120,0
DA:121,1
DA:122,1
DA:124,5
DA:125,18
DA:127,16
DA:128,16
DA:129,0
DA:130,16
DA:131,16
DA:132,16
DA:134,3
DA:135,3
DA:136,3
DA:137,3
DA:138,3
DA:140,13
DA:141,13
DA:142,0
DA:144,13
DA:145,13
DA:146,13
DA:147,13
DA:159,1
DA:160,1
DA:161,1
DA:162,1
DA:163,1
DA:164,1
DA:165,1
DA:166,1
DA:167,1
DA:170,1
DA:171,1
DA:172,1
DA:173,1
DA:174,1
DA:175,1
DA:176,1
DA:177,1
DA:180,1
DA:181,1
DA:182,1
DA:183,1
DA:184,1
DA:187,1
DA:188,1
DA:189,1
DA:190,1
DA:191,1
DA:192,1
DA:193,1
DA:194,1
DA:197,1
DA:200,1
DA:201,1
DA:202,1
DA:203,1
DA:204,1
DA:205,1
DA:206,1
DA:207,1
DA:208,1
DA:209,1
DA:210,1
DA:211,1
DA:212,1
DA:213,1
DA:214,1
DA:215,1
DA:216,1
DA:217,1
DA:218,1
DA:219,1
DA:220,1
DA:221,1
DA:222,1
DA:223,1
DA:226,1
DA:227,1
DA:228,1
DA:231,1
DA:232,1
DA:233,1
DA:234,1
DA:235,1
DA:236,1
DA:239,1
DA:240,1
DA:241,1
DA:242,1
DA:243,1
DA:244,1
DA:247,1
DA:248,1
DA:249,1
DA:250,1
DA:251,1
DA:254,1
DA:257,1
DA:258,1
DA:259,1
DA:260,1
DA:261,1
DA:262,1
DA:263,1
DA:264,1
DA:265,1
DA:266,1
DA:267,1
DA:268,1
DA:269,1
DA:270,1
DA:271,1
DA:272,1
DA:273,1
DA:275,1
DA:276,1
BRF:0
BRH:0
LF:251
LH:246
end_of_record
SF:/Volumes/extension/code/finger/rust/kernel-model/src/protocol/response.rs
FN:97,_RNCNvNtNtCsiWPvhcQOJZy_19finger_kernel_model8protocol8response31extract_response_failed_message0B7_
FN:102,_RNCNvNtNtCsiWPvhcQOJZy_19finger_kernel_model8protocol8response31extract_response_failed_messages0_0B7_
FN:110,_RNCNvNtNtCsiWPvhcQOJZy_19finger_kernel_model8protocol8response31extract_response_failed_messages1_0B7_
FN:113,_RNCNvNtNtCsiWPvhcQOJZy_19finger_kernel_model8protocol8response31extract_response_failed_messages2_0B7_
FN:99,_RNCNvNtNtCsiWPvhcQOJZy_19finger_kernel_model8protocol8response31extract_response_failed_messages_0B7_
FN:19,_RNvNtNtCsiWPvhcQOJZy_19finger_kernel_model8protocol8response18parse_sse_response
FN:10,_RNvNtNtCsiWPvhcQOJZy_19finger_kernel_model8protocol8response19parse_wire_response
FN:93,_RNvNtNtCsiWPvhcQOJZy_19finger_kernel_model8protocol8response31extract_response_failed_message
FNDA:0,_RNCNvNtNtCsiWPvhcQOJZy_19finger_kernel_model8protocol8response31extract_response_failed_message0B7_
FNDA:0,_RNCNvNtNtCsiWPvhcQOJZy_19finger_kernel_model8protocol8response31extract_response_failed_messages0_0B7_
FNDA:0,_RNCNvNtNtCsiWPvhcQOJZy_19finger_kernel_model8protocol8response31extract_response_failed_messages1_0B7_
FNDA:0,_RNCNvNtNtCsiWPvhcQOJZy_19finger_kernel_model8protocol8response31extract_response_failed_messages2_0B7_
FNDA:0,_RNCNvNtNtCsiWPvhcQOJZy_19finger_kernel_model8protocol8response31extract_response_failed_messages_0B7_
FNDA:15,_RNvNtNtCsiWPvhcQOJZy_19finger_kernel_model8protocol8response18parse_sse_response
FNDA:13,_RNvNtNtCsiWPvhcQOJZy_19finger_kernel_model8protocol8response19parse_wire_response
FNDA:0,_RNvNtNtCsiWPvhcQOJZy_19finger_kernel_model8protocol8response31extract_response_failed_message
FNF:8
FNH:2
DA:10,13
DA:11,13
DA:12,0
DA:13,0
DA:15,13
DA:17,13
DA:19,15
DA:20,15
DA:21,15
DA:22,15
DA:24,46
DA:25,46
DA:26,46
DA:27,47
DA:28,47
DA:29,16
DA:30,16
DA:31,16
DA:32,16
DA:33,16
DA:34,31
DA:35,31
DA:36,31
DA:37,31
DA:39,46
DA:40,15
DA:41,31
DA:43,31
DA:44,31
DA:45,15
DA:46,16
DA:48,16
DA:49,16
DA:50,16
DA:51,16
DA:52,16
DA:53,16
DA:55,16
DA:56,16
DA:57,1
DA:58,1
DA:59,1
DA:61,15
DA:62,0
DA:63,0
DA:65,15
DA:66,13
DA:67,13
DA:68,13
DA:70,2
DA:74,15
DA:75,13
DA:76,1
DA:77,1
DA:78,1
DA:79,1
DA:80,0
DA:81,0
DA:82,0
DA:83,0
DA:84,0
DA:86,12
DA:87,13
DA:88,2
DA:90,2
DA:91,15
DA:93,0
DA:94,0
DA:95,0
DA:96,0
DA:97,0
DA:98,0
DA:99,0
DA:100,0
DA:101,0
DA:102,0
DA:104,0
DA:105,0
DA:107,0
DA:108,0
DA:109,0
DA:110,0
DA:111,0
DA:112,0
DA:113,0
DA:115,0
DA:116,0
DA:118,0
DA:119,0
BRF:0
BRH:0
LF:94
LH:57
end_of_record
SF:/Volumes/extension/code/finger/rust/kernel-model/src/protocol/transport.rs
FN:83,_RNCNCNvNtNtCsiWPvhcQOJZy_19finger_kernel_model8protocol9transport19send_responses_http00B9_
FN:16,_RNCNvNtNtCsiWPvhcQOJZy_19finger_kernel_model8protocol9transport19send_responses_http0B7_
FN:10,_RNvNtNtCsiWPvhcQOJZy_19finger_kernel_model8protocol9transport19send_responses_http
FNDA:0,_RNCNCNvNtNtCsiWPvhcQOJZy_19finger_kernel_model8protocol9transport19send_responses_http00B9_
FNDA:15,_RNCNvNtNtCsiWPvhcQOJZy_19finger_kernel_model8protocol9transport19send_responses_http0B7_
FNDA:15,_RNvNtNtCsiWPvhcQOJZy_19finger_kernel_model8protocol9transport19send_responses_http
FNF:3
FNH:2
DA:10,15
DA:11,15
DA:12,15
DA:13,15
DA:14,15
DA:15,15
DA:16,15
DA:20,15
DA:21,15
DA:22,15
DA:24,0
DA:26,15
DA:27,16
DA:28,16
DA:29,16
DA:30,16
DA:31,16
DA:32,16
DA:33,16
DA:34,16
DA:35,16
DA:36,16
DA:38,16
DA:39,16
DA:40,16
DA:41,16
DA:42,16
DA:44,3
DA:45,1
DA:46,1
DA:47,1
DA:48,1
DA:49,1
DA:50,1
DA:51,1
DA:52,2
DA:53,2
DA:54,2
DA:55,2
DA:56,2
DA:57,13
DA:59,13
DA:60,13
DA:61,13
DA:62,13
DA:63,0
DA:65,0
DA:67,0
DA:69,0
DA:70,0
DA:71,0
DA:72,0
DA:73,0
DA:74,0
DA:75,0
DA:81,0
DA:83,0
DA:84,0
DA:85,15
BRF:0
BRH:0
LF:60
LH:46
end_of_record
SF:/Volumes/extension/code/finger/rust/kernel-protocol/src/lib.rs
FN:65,_RNvMCsbMd669FDNXq_22finger_kernel_protocolNtB2_15UserTurnOptions8is_empty
FN:328,_RNvNtCsbMd669FDNXq_22finger_kernel_protocol5testss_32op_roundtrip_uses_tagged_variant
FN:355,_RNvNtCsbMd669FDNXq_22finger_kernel_protocol5testss_35event_roundtrip_uses_tagged_variant
FNDA:2,_RNvMCsbMd669FDNXq_22finger_kernel_protocolNtB2_15UserTurnOptions8is_empty
FNDA:1,_RNvNtCsbMd669FDNXq_22finger_kernel_protocol5testss_32op_roundtrip_uses_tagged_variant
FNDA:1,_RNvNtCsbMd669FDNXq_22finger_kernel_protocol5testss_35event_roundtrip_uses_tagged_variant
FNF:3
FNH:3
DA:65,2
DA:66,2
DA:67,2
DA:68,2
DA:69,2
DA:70,2
DA:71,2
DA:72,2
DA:73,2
DA:74,2
DA:75,2
DA:76,2
DA:77,2
DA:78,2
DA:79,2
DA:80,2
DA:81,2
DA:328,1
DA:329,1
DA:330,1
DA:331,1
DA:332,1
DA:333,1
DA:334,1
DA:335,1
DA:336,1
DA:337,1
DA:338,1
DA:339,1
DA:340,1
DA:341,1
DA:342,1
DA:343,1
DA:344,1
DA:345,1
DA:347,1
DA:348,1
DA:350,1
DA:351,1
DA:352,1
DA:355,1
DA:356,1
DA:357,1
DA:358,1
DA:359,1
DA:360,1
DA:361,1
DA:363,1
DA:364,1
DA:366,1
DA:367,1
DA:368,1
BRF:0
BRH:0
LF:52
LH:52
end_of_record